{"C:\\Users\\yoayo\\Documents\\AMQuizz\\ProjetYnov\\amquizbackend\\AMQuizBackEnd\\src\\app.js": {"path":"C:\\Users\\yoayo\\Documents\\AMQuizz\\ProjetYnov\\amquizbackend\\AMQuizBackEnd\\src\\app.js","statementMap":{"0":{"start":{"line":2,"column":16},"end":{"line":2,"column":34}},"1":{"start":{"line":3,"column":13},"end":{"line":3,"column":28}},"2":{"start":{"line":4,"column":18},"end":{"line":4,"column":47}},"3":{"start":{"line":5,"column":13},"end":{"line":5,"column":28}},"4":{"start":{"line":8,"column":12},"end":{"line":8,"column":21}},"5":{"start":{"line":11,"column":0},"end":{"line":11,"column":41}},"6":{"start":{"line":12,"column":0},"end":{"line":12,"column":63}},"7":{"start":{"line":13,"column":0},"end":{"line":13,"column":26}},"8":{"start":{"line":16,"column":22},"end":{"line":24,"column":2}},"9":{"start":{"line":25,"column":0},"end":{"line":25,"column":23}},"10":{"start":{"line":28,"column":0},"end":{"line":36,"column":3}},"11":{"start":{"line":29,"column":2},"end":{"line":35,"column":5}},"12":{"start":{"line":38,"column":0},"end":{"line":53,"column":3}},"13":{"start":{"line":39,"column":2},"end":{"line":52,"column":5}},"14":{"start":{"line":57,"column":0},"end":{"line":57,"column":74}},"15":{"start":{"line":61,"column":0},"end":{"line":61,"column":53}},"16":{"start":{"line":64,"column":0},"end":{"line":64,"column":54}},"17":{"start":{"line":67,"column":0},"end":{"line":67,"column":53}},"18":{"start":{"line":70,"column":0},"end":{"line":70,"column":53}},"19":{"start":{"line":73,"column":0},"end":{"line":73,"column":58}},"20":{"start":{"line":76,"column":0},"end":{"line":76,"column":60}},"21":{"start":{"line":79,"column":0},"end":{"line":79,"column":67}},"22":{"start":{"line":82,"column":0},"end":{"line":82,"column":49}},"23":{"start":{"line":88,"column":0},"end":{"line":116,"column":3}},"24":{"start":{"line":89,"column":33},"end":{"line":89,"column":43}},"25":{"start":{"line":91,"column":2},"end":{"line":115,"column":3}},"26":{"start":{"line":92,"column":4},"end":{"line":92,"column":82}},"27":{"start":{"line":95,"column":21},"end":{"line":95,"column":90}},"28":{"start":{"line":96,"column":4},"end":{"line":96,"column":50}},"29":{"start":{"line":99,"column":15},"end":{"line":99,"column":28}},"30":{"start":{"line":100,"column":4},"end":{"line":103,"column":5}},"31":{"start":{"line":101,"column":6},"end":{"line":101,"column":55}},"32":{"start":{"line":102,"column":6},"end":{"line":102,"column":106}},"33":{"start":{"line":106,"column":24},"end":{"line":106,"column":58}},"34":{"start":{"line":107,"column":22},"end":{"line":107,"column":45}},"35":{"start":{"line":109,"column":4},"end":{"line":109,"column":64}},"36":{"start":{"line":110,"column":4},"end":{"line":110,"column":36}},"37":{"start":{"line":113,"column":4},"end":{"line":113,"column":65}},"38":{"start":{"line":114,"column":4},"end":{"line":114,"column":81}},"39":{"start":{"line":119,"column":26},"end":{"line":119,"column":68}},"40":{"start":{"line":120,"column":23},"end":{"line":120,"column":62}},"41":{"start":{"line":122,"column":0},"end":{"line":122,"column":78}},"42":{"start":{"line":123,"column":0},"end":{"line":123,"column":91}},"43":{"start":{"line":124,"column":0},"end":{"line":124,"column":93}},"44":{"start":{"line":125,"column":0},"end":{"line":125,"column":93}},"45":{"start":{"line":126,"column":0},"end":{"line":126,"column":86}},"46":{"start":{"line":127,"column":0},"end":{"line":127,"column":96}},"47":{"start":{"line":128,"column":0},"end":{"line":128,"column":79}},"48":{"start":{"line":129,"column":0},"end":{"line":129,"column":82}},"49":{"start":{"line":132,"column":23},"end":{"line":132,"column":62}},"50":{"start":{"line":134,"column":0},"end":{"line":134,"column":77}},"51":{"start":{"line":135,"column":0},"end":{"line":135,"column":74}},"52":{"start":{"line":136,"column":0},"end":{"line":136,"column":70}},"53":{"start":{"line":137,"column":0},"end":{"line":137,"column":66}},"54":{"start":{"line":138,"column":0},"end":{"line":138,"column":76}},"55":{"start":{"line":139,"column":0},"end":{"line":139,"column":66}},"56":{"start":{"line":142,"column":0},"end":{"line":145,"column":3}},"57":{"start":{"line":143,"column":2},"end":{"line":143,"column":42}},"58":{"start":{"line":144,"column":2},"end":{"line":144,"column":41}},"59":{"start":{"line":147,"column":0},"end":{"line":150,"column":3}},"60":{"start":{"line":148,"column":2},"end":{"line":148,"column":37}},"61":{"start":{"line":149,"column":2},"end":{"line":149,"column":41}},"62":{"start":{"line":152,"column":0},"end":{"line":155,"column":3}},"63":{"start":{"line":153,"column":2},"end":{"line":153,"column":37}},"64":{"start":{"line":154,"column":2},"end":{"line":154,"column":41}},"65":{"start":{"line":158,"column":0},"end":{"line":161,"column":3}},"66":{"start":{"line":159,"column":2},"end":{"line":159,"column":38}},"67":{"start":{"line":160,"column":2},"end":{"line":160,"column":43}},"68":{"start":{"line":163,"column":0},"end":{"line":166,"column":3}},"69":{"start":{"line":164,"column":2},"end":{"line":164,"column":33}},"70":{"start":{"line":165,"column":2},"end":{"line":165,"column":43}},"71":{"start":{"line":168,"column":0},"end":{"line":171,"column":3}},"72":{"start":{"line":169,"column":2},"end":{"line":169,"column":33}},"73":{"start":{"line":170,"column":2},"end":{"line":170,"column":43}},"74":{"start":{"line":174,"column":25},"end":{"line":174,"column":66}},"75":{"start":{"line":176,"column":0},"end":{"line":176,"column":75}},"76":{"start":{"line":177,"column":0},"end":{"line":177,"column":74}},"77":{"start":{"line":178,"column":0},"end":{"line":178,"column":81}},"78":{"start":{"line":179,"column":0},"end":{"line":179,"column":82}},"79":{"start":{"line":182,"column":23},"end":{"line":182,"column":62}},"80":{"start":{"line":184,"column":0},"end":{"line":184,"column":49}},"81":{"start":{"line":185,"column":0},"end":{"line":185,"column":66}},"82":{"start":{"line":186,"column":0},"end":{"line":186,"column":67}},"83":{"start":{"line":187,"column":0},"end":{"line":187,"column":73}},"84":{"start":{"line":188,"column":0},"end":{"line":188,"column":64}},"85":{"start":{"line":191,"column":30},"end":{"line":191,"column":76}},"86":{"start":{"line":193,"column":0},"end":{"line":193,"column":91}},"87":{"start":{"line":197,"column":0},"end":{"line":204,"column":3}},"88":{"start":{"line":198,"column":2},"end":{"line":203,"column":5}},"89":{"start":{"line":207,"column":0},"end":{"line":217,"column":3}},"90":{"start":{"line":208,"column":2},"end":{"line":208,"column":42}},"91":{"start":{"line":210,"column":2},"end":{"line":216,"column":5}},"92":{"start":{"line":220,"column":0},"end":{"line":222,"column":2}},"93":{"start":{"line":221,"column":16},"end":{"line":221,"column":19}}},"fnMap":{"0":{"name":"(anonymous_0)","decl":{"start":{"line":28,"column":19},"end":{"line":28,"column":20}},"loc":{"start":{"line":28,"column":33},"end":{"line":36,"column":1}},"line":28},"1":{"name":"(anonymous_1)","decl":{"start":{"line":38,"column":17},"end":{"line":38,"column":18}},"loc":{"start":{"line":38,"column":31},"end":{"line":53,"column":1}},"line":38},"2":{"name":"(anonymous_2)","decl":{"start":{"line":88,"column":37},"end":{"line":88,"column":38}},"loc":{"start":{"line":88,"column":56},"end":{"line":116,"column":1}},"line":88},"3":{"name":"(anonymous_3)","decl":{"start":{"line":142,"column":53},"end":{"line":142,"column":54}},"loc":{"start":{"line":142,"column":67},"end":{"line":145,"column":1}},"line":142},"4":{"name":"(anonymous_4)","decl":{"start":{"line":147,"column":48},"end":{"line":147,"column":49}},"loc":{"start":{"line":147,"column":62},"end":{"line":150,"column":1}},"line":147},"5":{"name":"(anonymous_5)","decl":{"start":{"line":152,"column":48},"end":{"line":152,"column":49}},"loc":{"start":{"line":152,"column":62},"end":{"line":155,"column":1}},"line":152},"6":{"name":"(anonymous_6)","decl":{"start":{"line":158,"column":61},"end":{"line":158,"column":62}},"loc":{"start":{"line":158,"column":75},"end":{"line":161,"column":1}},"line":158},"7":{"name":"(anonymous_7)","decl":{"start":{"line":163,"column":56},"end":{"line":163,"column":57}},"loc":{"start":{"line":163,"column":70},"end":{"line":166,"column":1}},"line":163},"8":{"name":"(anonymous_8)","decl":{"start":{"line":168,"column":56},"end":{"line":168,"column":57}},"loc":{"start":{"line":168,"column":70},"end":{"line":171,"column":1}},"line":168},"9":{"name":"(anonymous_9)","decl":{"start":{"line":197,"column":13},"end":{"line":197,"column":14}},"loc":{"start":{"line":197,"column":27},"end":{"line":204,"column":1}},"line":197},"10":{"name":"(anonymous_10)","decl":{"start":{"line":207,"column":8},"end":{"line":207,"column":9}},"loc":{"start":{"line":207,"column":35},"end":{"line":217,"column":1}},"line":207},"11":{"name":"(anonymous_11)","decl":{"start":{"line":221,"column":10},"end":{"line":221,"column":11}},"loc":{"start":{"line":221,"column":16},"end":{"line":221,"column":19}},"line":221}},"branchMap":{"0":{"loc":{"start":{"line":33,"column":17},"end":{"line":33,"column":54}},"type":"binary-expr","locations":[{"start":{"line":33,"column":17},"end":{"line":33,"column":37}},{"start":{"line":33,"column":41},"end":{"line":33,"column":54}}],"line":33},"1":{"loc":{"start":{"line":34,"column":13},"end":{"line":34,"column":55}},"type":"binary-expr","locations":[{"start":{"line":34,"column":13},"end":{"line":34,"column":44}},{"start":{"line":34,"column":48},"end":{"line":34,"column":55}}],"line":34},"2":{"loc":{"start":{"line":100,"column":4},"end":{"line":103,"column":5}},"type":"if","locations":[{"start":{"line":100,"column":4},"end":{"line":103,"column":5}},{"start":{},"end":{}}],"line":100},"3":{"loc":{"start":{"line":210,"column":13},"end":{"line":210,"column":32}},"type":"binary-expr","locations":[{"start":{"line":210,"column":13},"end":{"line":210,"column":25}},{"start":{"line":210,"column":29},"end":{"line":210,"column":32}}],"line":210},"4":{"loc":{"start":{"line":211,"column":11},"end":{"line":213,"column":21}},"type":"cond-expr","locations":[{"start":{"line":212,"column":8},"end":{"line":212,"column":35}},{"start":{"line":213,"column":8},"end":{"line":213,"column":21}}],"line":211}},"s":{"0":0,"1":0,"2":0,"3":0,"4":0,"5":0,"6":0,"7":0,"8":0,"9":0,"10":0,"11":0,"12":0,"13":0,"14":0,"15":0,"16":0,"17":0,"18":0,"19":0,"20":0,"21":0,"22":0,"23":0,"24":0,"25":0,"26":0,"27":0,"28":0,"29":0,"30":0,"31":0,"32":0,"33":0,"34":0,"35":0,"36":0,"37":0,"38":0,"39":0,"40":0,"41":0,"42":0,"43":0,"44":0,"45":0,"46":0,"47":0,"48":0,"49":0,"50":0,"51":0,"52":0,"53":0,"54":0,"55":0,"56":0,"57":0,"58":0,"59":0,"60":0,"61":0,"62":0,"63":0,"64":0,"65":0,"66":0,"67":0,"68":0,"69":0,"70":0,"71":0,"72":0,"73":0,"74":0,"75":0,"76":0,"77":0,"78":0,"79":0,"80":0,"81":0,"82":0,"83":0,"84":0,"85":0,"86":0,"87":0,"88":0,"89":0,"90":0,"91":0,"92":0,"93":0},"f":{"0":0,"1":0,"2":0,"3":0,"4":0,"5":0,"6":0,"7":0,"8":0,"9":0,"10":0,"11":0},"b":{"0":[0,0],"1":[0,0],"2":[0,0],"3":[0,0],"4":[0,0]}}
,"C:\\Users\\yoayo\\Documents\\AMQuizz\\ProjetYnov\\amquizbackend\\AMQuizBackEnd\\src\\config\\firebase.js": {"path":"C:\\Users\\yoayo\\Documents\\AMQuizz\\ProjetYnov\\amquizbackend\\AMQuizBackEnd\\src\\config\\firebase.js","statementMap":{"0":{"start":{"line":1,"column":14},"end":{"line":1,"column":39}},"1":{"start":{"line":2,"column":23},"end":{"line":2,"column":69}},"2":{"start":{"line":6,"column":4},"end":{"line":10,"column":5}},"3":{"start":{"line":7,"column":6},"end":{"line":9,"column":9}},"4":{"start":{"line":11,"column":4},"end":{"line":11,"column":32}},"5":{"start":{"line":12,"column":4},"end":{"line":12,"column":29}},"6":{"start":{"line":16,"column":4},"end":{"line":16,"column":19}},"7":{"start":{"line":20,"column":4},"end":{"line":20,"column":21}},"8":{"start":{"line":24,"column":4},"end":{"line":24,"column":38}},"9":{"start":{"line":28,"column":4},"end":{"line":28,"column":56}},"10":{"start":{"line":32,"column":0},"end":{"line":32,"column":38}}},"fnMap":{"0":{"name":"(anonymous_0)","decl":{"start":{"line":5,"column":2},"end":{"line":5,"column":3}},"loc":{"start":{"line":5,"column":16},"end":{"line":13,"column":3}},"line":5},"1":{"name":"(anonymous_1)","decl":{"start":{"line":15,"column":2},"end":{"line":15,"column":3}},"loc":{"start":{"line":15,"column":10},"end":{"line":17,"column":3}},"line":15},"2":{"name":"(anonymous_2)","decl":{"start":{"line":19,"column":2},"end":{"line":19,"column":3}},"loc":{"start":{"line":19,"column":12},"end":{"line":21,"column":3}},"line":19},"3":{"name":"(anonymous_3)","decl":{"start":{"line":23,"column":2},"end":{"line":23,"column":3}},"loc":{"start":{"line":23,"column":18},"end":{"line":25,"column":3}},"line":23},"4":{"name":"(anonymous_4)","decl":{"start":{"line":27,"column":2},"end":{"line":27,"column":3}},"loc":{"start":{"line":27,"column":23},"end":{"line":29,"column":3}},"line":27}},"branchMap":{"0":{"loc":{"start":{"line":6,"column":4},"end":{"line":10,"column":5}},"type":"if","locations":[{"start":{"line":6,"column":4},"end":{"line":10,"column":5}},{"start":{},"end":{}}],"line":6}},"s":{"0":28,"1":28,"2":28,"3":28,"4":28,"5":28,"6":45,"7":0,"8":0,"9":0,"10":28},"f":{"0":28,"1":45,"2":0,"3":0,"4":0},"b":{"0":[28,0]},"_coverageSchema":"1a1c01bbd47fc00a2c39e90264f33305004495a9","hash":"3256edd5a1b97ba5ee0f44a5c410d81937737923"}
,"C:\\Users\\yoayo\\Documents\\AMQuizz\\ProjetYnov\\amquizbackend\\AMQuizBackEnd\\src\\controllers\\authController.js": {"path":"C:\\Users\\yoayo\\Documents\\AMQuizz\\ProjetYnov\\amquizbackend\\AMQuizBackEnd\\src\\controllers\\authController.js","statementMap":{"0":{"start":{"line":1,"column":20},"end":{"line":1,"column":54}},"1":{"start":{"line":2,"column":23},"end":{"line":2,"column":64}},"2":{"start":{"line":3,"column":20},"end":{"line":3,"column":54}},"3":{"start":{"line":7,"column":4},"end":{"line":24,"column":5}},"4":{"start":{"line":8,"column":42},"end":{"line":8,"column":50}},"5":{"start":{"line":10,"column":6},"end":{"line":14,"column":7}},"6":{"start":{"line":11,"column":8},"end":{"line":13,"column":11}},"7":{"start":{"line":16,"column":21},"end":{"line":16,"column":72}},"8":{"start":{"line":18,"column":6},"end":{"line":21,"column":9}},"9":{"start":{"line":23,"column":6},"end":{"line":23,"column":53}},"10":{"start":{"line":28,"column":2},"end":{"line":52,"column":3}},"11":{"start":{"line":29,"column":16},"end":{"line":29,"column":61}},"12":{"start":{"line":30,"column":23},"end":{"line":30,"column":31}},"13":{"start":{"line":32,"column":25},"end":{"line":32,"column":63}},"14":{"start":{"line":34,"column":4},"end":{"line":37,"column":5}},"15":{"start":{"line":36,"column":6},"end":{"line":36,"column":75}},"16":{"start":{"line":40,"column":25},"end":{"line":40,"column":69}},"17":{"start":{"line":41,"column":4},"end":{"line":43,"column":5}},"18":{"start":{"line":42,"column":6},"end":{"line":42,"column":75}},"19":{"start":{"line":46,"column":4},"end":{"line":46,"column":53}},"20":{"start":{"line":48,"column":4},"end":{"line":48,"column":77}},"21":{"start":{"line":50,"column":4},"end":{"line":50,"column":66}},"22":{"start":{"line":51,"column":4},"end":{"line":51,"column":51}},"23":{"start":{"line":56,"column":4},"end":{"line":71,"column":5}},"24":{"start":{"line":57,"column":24},"end":{"line":57,"column":32}},"25":{"start":{"line":59,"column":6},"end":{"line":61,"column":7}},"26":{"start":{"line":60,"column":8},"end":{"line":60,"column":63}},"27":{"start":{"line":63,"column":27},"end":{"line":63,"column":63}},"28":{"start":{"line":65,"column":6},"end":{"line":68,"column":9}},"29":{"start":{"line":70,"column":6},"end":{"line":70,"column":53}},"30":{"start":{"line":75,"column":4},"end":{"line":84,"column":5}},"31":{"start":{"line":76,"column":18},"end":{"line":76,"column":63}},"32":{"start":{"line":78,"column":6},"end":{"line":81,"column":9}},"33":{"start":{"line":83,"column":6},"end":{"line":83,"column":53}},"34":{"start":{"line":88,"column":0},"end":{"line":88,"column":38}}},"fnMap":{"0":{"name":"(anonymous_0)","decl":{"start":{"line":6,"column":2},"end":{"line":6,"column":3}},"loc":{"start":{"line":6,"column":27},"end":{"line":25,"column":3}},"line":6},"1":{"name":"(anonymous_1)","decl":{"start":{"line":27,"column":0},"end":{"line":27,"column":1}},"loc":{"start":{"line":27,"column":31},"end":{"line":53,"column":1}},"line":27},"2":{"name":"(anonymous_2)","decl":{"start":{"line":55,"column":2},"end":{"line":55,"column":3}},"loc":{"start":{"line":55,"column":30},"end":{"line":72,"column":3}},"line":55},"3":{"name":"(anonymous_3)","decl":{"start":{"line":74,"column":2},"end":{"line":74,"column":3}},"loc":{"start":{"line":74,"column":31},"end":{"line":85,"column":3}},"line":74}},"branchMap":{"0":{"loc":{"start":{"line":10,"column":6},"end":{"line":14,"column":7}},"type":"if","locations":[{"start":{"line":10,"column":6},"end":{"line":14,"column":7}},{"start":{},"end":{}}],"line":10},"1":{"loc":{"start":{"line":10,"column":10},"end":{"line":10,"column":40}},"type":"binary-expr","locations":[{"start":{"line":10,"column":10},"end":{"line":10,"column":16}},{"start":{"line":10,"column":20},"end":{"line":10,"column":29}},{"start":{"line":10,"column":33},"end":{"line":10,"column":40}}],"line":10},"2":{"loc":{"start":{"line":34,"column":4},"end":{"line":37,"column":5}},"type":"if","locations":[{"start":{"line":34,"column":4},"end":{"line":37,"column":5}},{"start":{},"end":{}}],"line":34},"3":{"loc":{"start":{"line":41,"column":4},"end":{"line":43,"column":5}},"type":"if","locations":[{"start":{"line":41,"column":4},"end":{"line":43,"column":5}},{"start":{},"end":{}}],"line":41},"4":{"loc":{"start":{"line":59,"column":6},"end":{"line":61,"column":7}},"type":"if","locations":[{"start":{"line":59,"column":6},"end":{"line":61,"column":7}},{"start":{},"end":{}}],"line":59}},"s":{"0":2,"1":2,"2":2,"3":3,"4":3,"5":3,"6":1,"7":2,"8":1,"9":1,"10":4,"11":4,"12":3,"13":3,"14":3,"15":1,"16":2,"17":2,"18":1,"19":1,"20":1,"21":1,"22":1,"23":3,"24":3,"25":3,"26":1,"27":2,"28":1,"29":1,"30":6,"31":6,"32":2,"33":4,"34":2},"f":{"0":3,"1":4,"2":3,"3":6},"b":{"0":[1,2],"1":[3,3,2],"2":[1,2],"3":[1,1],"4":[1,2]},"_coverageSchema":"1a1c01bbd47fc00a2c39e90264f33305004495a9","hash":"edd2f0cce6fbb4a2198210796d9b154b0ea1d3d0"}
,"C:\\Users\\yoayo\\Documents\\AMQuizz\\ProjetYnov\\amquizbackend\\AMQuizBackEnd\\src\\controllers\\friendController.js": {"path":"C:\\Users\\yoayo\\Documents\\AMQuizz\\ProjetYnov\\amquizbackend\\AMQuizBackEnd\\src\\controllers\\friendController.js","statementMap":{"0":{"start":{"line":1,"column":22},"end":{"line":1,"column":58}},"1":{"start":{"line":2,"column":20},"end":{"line":2,"column":54}},"2":{"start":{"line":6,"column":4},"end":{"line":18,"column":5}},"3":{"start":{"line":7,"column":18},"end":{"line":7,"column":63}},"4":{"start":{"line":8,"column":25},"end":{"line":8,"column":33}},"5":{"start":{"line":10,"column":6},"end":{"line":12,"column":7}},"6":{"start":{"line":11,"column":8},"end":{"line":11,"column":71}},"7":{"start":{"line":14,"column":22},"end":{"line":14,"column":69}},"8":{"start":{"line":15,"column":6},"end":{"line":15,"column":40}},"9":{"start":{"line":17,"column":6},"end":{"line":17,"column":53}},"10":{"start":{"line":22,"column":4},"end":{"line":34,"column":5}},"11":{"start":{"line":23,"column":18},"end":{"line":23,"column":63}},"12":{"start":{"line":24,"column":25},"end":{"line":24,"column":33}},"13":{"start":{"line":26,"column":6},"end":{"line":28,"column":7}},"14":{"start":{"line":27,"column":8},"end":{"line":27,"column":64}},"15":{"start":{"line":30,"column":22},"end":{"line":30,"column":77}},"16":{"start":{"line":31,"column":6},"end":{"line":31,"column":40}},"17":{"start":{"line":33,"column":6},"end":{"line":33,"column":53}},"18":{"start":{"line":38,"column":4},"end":{"line":50,"column":5}},"19":{"start":{"line":39,"column":18},"end":{"line":39,"column":63}},"20":{"start":{"line":40,"column":25},"end":{"line":40,"column":33}},"21":{"start":{"line":42,"column":6},"end":{"line":44,"column":7}},"22":{"start":{"line":43,"column":8},"end":{"line":43,"column":64}},"23":{"start":{"line":46,"column":21},"end":{"line":46,"column":70}},"24":{"start":{"line":47,"column":6},"end":{"line":47,"column":35}},"25":{"start":{"line":49,"column":6},"end":{"line":49,"column":53}},"26":{"start":{"line":54,"column":4},"end":{"line":68,"column":5}},"27":{"start":{"line":55,"column":18},"end":{"line":55,"column":63}},"28":{"start":{"line":56,"column":36},"end":{"line":56,"column":44}},"29":{"start":{"line":58,"column":6},"end":{"line":62,"column":7}},"30":{"start":{"line":59,"column":8},"end":{"line":61,"column":11}},"31":{"start":{"line":64,"column":22},"end":{"line":64,"column":82}},"32":{"start":{"line":65,"column":6},"end":{"line":65,"column":40}},"33":{"start":{"line":67,"column":6},"end":{"line":67,"column":53}},"34":{"start":{"line":72,"column":4},"end":{"line":84,"column":5}},"35":{"start":{"line":73,"column":18},"end":{"line":73,"column":63}},"36":{"start":{"line":74,"column":34},"end":{"line":74,"column":42}},"37":{"start":{"line":76,"column":6},"end":{"line":78,"column":7}},"38":{"start":{"line":77,"column":8},"end":{"line":77,"column":84}},"39":{"start":{"line":80,"column":22},"end":{"line":80,"column":80}},"40":{"start":{"line":81,"column":6},"end":{"line":81,"column":40}},"41":{"start":{"line":83,"column":6},"end":{"line":83,"column":53}},"42":{"start":{"line":88,"column":4},"end":{"line":100,"column":5}},"43":{"start":{"line":89,"column":18},"end":{"line":89,"column":63}},"44":{"start":{"line":90,"column":25},"end":{"line":90,"column":33}},"45":{"start":{"line":92,"column":6},"end":{"line":94,"column":7}},"46":{"start":{"line":93,"column":8},"end":{"line":93,"column":71}},"47":{"start":{"line":96,"column":22},"end":{"line":96,"column":67}},"48":{"start":{"line":97,"column":6},"end":{"line":97,"column":40}},"49":{"start":{"line":99,"column":6},"end":{"line":99,"column":53}},"50":{"start":{"line":104,"column":4},"end":{"line":111,"column":5}},"51":{"start":{"line":105,"column":18},"end":{"line":105,"column":63}},"52":{"start":{"line":107,"column":22},"end":{"line":107,"column":61}},"53":{"start":{"line":108,"column":6},"end":{"line":108,"column":40}},"54":{"start":{"line":110,"column":6},"end":{"line":110,"column":53}},"55":{"start":{"line":115,"column":4},"end":{"line":122,"column":5}},"56":{"start":{"line":116,"column":18},"end":{"line":116,"column":63}},"57":{"start":{"line":118,"column":26},"end":{"line":118,"column":72}},"58":{"start":{"line":119,"column":6},"end":{"line":119,"column":40}},"59":{"start":{"line":121,"column":6},"end":{"line":121,"column":53}},"60":{"start":{"line":126,"column":0},"end":{"line":126,"column":40}}},"fnMap":{"0":{"name":"(anonymous_0)","decl":{"start":{"line":5,"column":2},"end":{"line":5,"column":3}},"loc":{"start":{"line":5,"column":33},"end":{"line":19,"column":3}},"line":5},"1":{"name":"(anonymous_1)","decl":{"start":{"line":21,"column":2},"end":{"line":21,"column":3}},"loc":{"start":{"line":21,"column":41},"end":{"line":35,"column":3}},"line":21},"2":{"name":"(anonymous_2)","decl":{"start":{"line":37,"column":2},"end":{"line":37,"column":3}},"loc":{"start":{"line":37,"column":35},"end":{"line":51,"column":3}},"line":37},"3":{"name":"(anonymous_3)","decl":{"start":{"line":53,"column":2},"end":{"line":53,"column":3}},"loc":{"start":{"line":53,"column":35},"end":{"line":69,"column":3}},"line":53},"4":{"name":"(anonymous_4)","decl":{"start":{"line":71,"column":2},"end":{"line":71,"column":3}},"loc":{"start":{"line":71,"column":35},"end":{"line":85,"column":3}},"line":71},"5":{"name":"(anonymous_5)","decl":{"start":{"line":87,"column":2},"end":{"line":87,"column":3}},"loc":{"start":{"line":87,"column":31},"end":{"line":101,"column":3}},"line":87},"6":{"name":"(anonymous_6)","decl":{"start":{"line":103,"column":2},"end":{"line":103,"column":3}},"loc":{"start":{"line":103,"column":33},"end":{"line":112,"column":3}},"line":103},"7":{"name":"(anonymous_7)","decl":{"start":{"line":114,"column":2},"end":{"line":114,"column":3}},"loc":{"start":{"line":114,"column":40},"end":{"line":123,"column":3}},"line":114}},"branchMap":{"0":{"loc":{"start":{"line":10,"column":6},"end":{"line":12,"column":7}},"type":"if","locations":[{"start":{"line":10,"column":6},"end":{"line":12,"column":7}},{"start":{},"end":{}}],"line":10},"1":{"loc":{"start":{"line":26,"column":6},"end":{"line":28,"column":7}},"type":"if","locations":[{"start":{"line":26,"column":6},"end":{"line":28,"column":7}},{"start":{},"end":{}}],"line":26},"2":{"loc":{"start":{"line":42,"column":6},"end":{"line":44,"column":7}},"type":"if","locations":[{"start":{"line":42,"column":6},"end":{"line":44,"column":7}},{"start":{},"end":{}}],"line":42},"3":{"loc":{"start":{"line":58,"column":6},"end":{"line":62,"column":7}},"type":"if","locations":[{"start":{"line":58,"column":6},"end":{"line":62,"column":7}},{"start":{},"end":{}}],"line":58},"4":{"loc":{"start":{"line":58,"column":10},"end":{"line":58,"column":31}},"type":"binary-expr","locations":[{"start":{"line":58,"column":10},"end":{"line":58,"column":17}},{"start":{"line":58,"column":21},"end":{"line":58,"column":31}}],"line":58},"5":{"loc":{"start":{"line":76,"column":6},"end":{"line":78,"column":7}},"type":"if","locations":[{"start":{"line":76,"column":6},"end":{"line":78,"column":7}},{"start":{},"end":{}}],"line":76},"6":{"loc":{"start":{"line":76,"column":10},"end":{"line":76,"column":62}},"type":"binary-expr","locations":[{"start":{"line":76,"column":10},"end":{"line":76,"column":39}},{"start":{"line":76,"column":43},"end":{"line":76,"column":62}}],"line":76},"7":{"loc":{"start":{"line":92,"column":6},"end":{"line":94,"column":7}},"type":"if","locations":[{"start":{"line":92,"column":6},"end":{"line":94,"column":7}},{"start":{},"end":{}}],"line":92}},"s":{"0":2,"1":2,"2":3,"3":3,"4":3,"5":3,"6":1,"7":2,"8":1,"9":1,"10":3,"11":3,"12":3,"13":3,"14":1,"15":2,"16":1,"17":1,"18":3,"19":3,"20":3,"21":3,"22":1,"23":2,"24":1,"25":1,"26":3,"27":3,"28":3,"29":3,"30":1,"31":2,"32":1,"33":1,"34":3,"35":3,"36":3,"37":3,"38":1,"39":2,"40":1,"41":1,"42":3,"43":3,"44":3,"45":3,"46":1,"47":2,"48":1,"49":1,"50":4,"51":4,"52":4,"53":2,"54":2,"55":4,"56":4,"57":4,"58":2,"59":2,"60":2},"f":{"0":3,"1":3,"2":3,"3":3,"4":3,"5":3,"6":4,"7":4},"b":{"0":[1,2],"1":[1,2],"2":[1,2],"3":[1,2],"4":[3,2],"5":[1,2],"6":[3,2],"7":[1,2]},"_coverageSchema":"1a1c01bbd47fc00a2c39e90264f33305004495a9","hash":"7878a3e3d9d8c6f25d6f4da86dd6bc456aba37bd"}
,"C:\\Users\\yoayo\\Documents\\AMQuizz\\ProjetYnov\\amquizbackend\\AMQuizBackEnd\\src\\controllers\\missionController.js": {"path":"C:\\Users\\yoayo\\Documents\\AMQuizz\\ProjetYnov\\amquizbackend\\AMQuizBackEnd\\src\\controllers\\missionController.js","statementMap":{"0":{"start":{"line":1,"column":23},"end":{"line":1,"column":60}},"1":{"start":{"line":2,"column":20},"end":{"line":2,"column":54}},"2":{"start":{"line":6,"column":4},"end":{"line":13,"column":5}},"3":{"start":{"line":7,"column":18},"end":{"line":7,"column":63}},"4":{"start":{"line":9,"column":23},"end":{"line":9,"column":64}},"5":{"start":{"line":10,"column":6},"end":{"line":10,"column":37}},"6":{"start":{"line":12,"column":6},"end":{"line":12,"column":53}},"7":{"start":{"line":17,"column":2},"end":{"line":33,"column":3}},"8":{"start":{"line":18,"column":4},"end":{"line":18,"column":62}},"9":{"start":{"line":20,"column":16},"end":{"line":20,"column":61}},"10":{"start":{"line":22,"column":19},"end":{"line":22,"column":61}},"11":{"start":{"line":24,"column":4},"end":{"line":24,"column":70}},"12":{"start":{"line":25,"column":4},"end":{"line":28,"column":7}},"13":{"start":{"line":31,"column":4},"end":{"line":31,"column":74}},"14":{"start":{"line":32,"column":4},"end":{"line":32,"column":51}},"15":{"start":{"line":37,"column":2},"end":{"line":45,"column":3}},"16":{"start":{"line":38,"column":16},"end":{"line":38,"column":61}},"17":{"start":{"line":40,"column":26},"end":{"line":40,"column":68}},"18":{"start":{"line":41,"column":4},"end":{"line":41,"column":40}},"19":{"start":{"line":44,"column":4},"end":{"line":44,"column":51}},"20":{"start":{"line":49,"column":2},"end":{"line":57,"column":3}},"21":{"start":{"line":50,"column":16},"end":{"line":50,"column":61}},"22":{"start":{"line":52,"column":19},"end":{"line":52,"column":72}},"23":{"start":{"line":53,"column":4},"end":{"line":53,"column":33}},"24":{"start":{"line":56,"column":4},"end":{"line":56,"column":51}},"25":{"start":{"line":61,"column":4},"end":{"line":73,"column":5}},"26":{"start":{"line":62,"column":18},"end":{"line":62,"column":63}},"27":{"start":{"line":63,"column":29},"end":{"line":63,"column":39}},"28":{"start":{"line":65,"column":6},"end":{"line":67,"column":7}},"29":{"start":{"line":66,"column":8},"end":{"line":66,"column":73}},"30":{"start":{"line":69,"column":23},"end":{"line":69,"column":79}},"31":{"start":{"line":70,"column":6},"end":{"line":70,"column":37}},"32":{"start":{"line":72,"column":6},"end":{"line":72,"column":53}},"33":{"start":{"line":77,"column":4},"end":{"line":84,"column":5}},"34":{"start":{"line":78,"column":18},"end":{"line":78,"column":63}},"35":{"start":{"line":80,"column":23},"end":{"line":80,"column":73}},"36":{"start":{"line":81,"column":6},"end":{"line":81,"column":37}},"37":{"start":{"line":83,"column":6},"end":{"line":83,"column":53}},"38":{"start":{"line":88,"column":4},"end":{"line":100,"column":5}},"39":{"start":{"line":89,"column":18},"end":{"line":89,"column":63}},"40":{"start":{"line":90,"column":29},"end":{"line":90,"column":37}},"41":{"start":{"line":92,"column":6},"end":{"line":94,"column":7}},"42":{"start":{"line":93,"column":8},"end":{"line":93,"column":73}},"43":{"start":{"line":96,"column":21},"end":{"line":96,"column":77}},"44":{"start":{"line":97,"column":6},"end":{"line":97,"column":35}},"45":{"start":{"line":99,"column":6},"end":{"line":99,"column":53}},"46":{"start":{"line":104,"column":4},"end":{"line":111,"column":5}},"47":{"start":{"line":105,"column":18},"end":{"line":105,"column":63}},"48":{"start":{"line":107,"column":22},"end":{"line":107,"column":67}},"49":{"start":{"line":108,"column":6},"end":{"line":108,"column":36}},"50":{"start":{"line":110,"column":6},"end":{"line":110,"column":53}},"51":{"start":{"line":115,"column":4},"end":{"line":122,"column":5}},"52":{"start":{"line":116,"column":18},"end":{"line":116,"column":63}},"53":{"start":{"line":118,"column":24},"end":{"line":118,"column":70}},"54":{"start":{"line":119,"column":6},"end":{"line":119,"column":38}},"55":{"start":{"line":121,"column":6},"end":{"line":121,"column":53}},"56":{"start":{"line":126,"column":4},"end":{"line":149,"column":5}},"57":{"start":{"line":127,"column":18},"end":{"line":127,"column":63}},"58":{"start":{"line":128,"column":39},"end":{"line":128,"column":47}},"59":{"start":{"line":130,"column":6},"end":{"line":132,"column":7}},"60":{"start":{"line":131,"column":8},"end":{"line":131,"column":73}},"61":{"start":{"line":134,"column":22},"end":{"line":134,"column":91}},"62":{"start":{"line":136,"column":6},"end":{"line":146,"column":7}},"63":{"start":{"line":137,"column":8},"end":{"line":140,"column":11}},"64":{"start":{"line":142,"column":8},"end":{"line":145,"column":11}},"65":{"start":{"line":148,"column":6},"end":{"line":148,"column":53}},"66":{"start":{"line":153,"column":4},"end":{"line":165,"column":5}},"67":{"start":{"line":154,"column":18},"end":{"line":154,"column":63}},"68":{"start":{"line":155,"column":29},"end":{"line":155,"column":37}},"69":{"start":{"line":157,"column":6},"end":{"line":159,"column":7}},"70":{"start":{"line":158,"column":8},"end":{"line":158,"column":73}},"71":{"start":{"line":161,"column":22},"end":{"line":161,"column":72}},"72":{"start":{"line":162,"column":6},"end":{"line":162,"column":40}},"73":{"start":{"line":164,"column":6},"end":{"line":164,"column":53}},"74":{"start":{"line":172,"column":4},"end":{"line":182,"column":5}},"75":{"start":{"line":173,"column":18},"end":{"line":173,"column":63}},"76":{"start":{"line":175,"column":6},"end":{"line":175,"column":66}},"77":{"start":{"line":176,"column":6},"end":{"line":179,"column":9}},"78":{"start":{"line":181,"column":6},"end":{"line":181,"column":53}},"79":{"start":{"line":187,"column":4},"end":{"line":197,"column":5}},"80":{"start":{"line":188,"column":18},"end":{"line":188,"column":63}},"81":{"start":{"line":190,"column":6},"end":{"line":190,"column":66}},"82":{"start":{"line":191,"column":6},"end":{"line":194,"column":9}},"83":{"start":{"line":196,"column":6},"end":{"line":196,"column":53}},"84":{"start":{"line":202,"column":4},"end":{"line":212,"column":5}},"85":{"start":{"line":203,"column":18},"end":{"line":203,"column":63}},"86":{"start":{"line":205,"column":6},"end":{"line":205,"column":66}},"87":{"start":{"line":206,"column":6},"end":{"line":209,"column":9}},"88":{"start":{"line":211,"column":6},"end":{"line":211,"column":53}},"89":{"start":{"line":217,"column":4},"end":{"line":227,"column":5}},"90":{"start":{"line":218,"column":18},"end":{"line":218,"column":63}},"91":{"start":{"line":220,"column":6},"end":{"line":220,"column":67}},"92":{"start":{"line":221,"column":6},"end":{"line":224,"column":9}},"93":{"start":{"line":226,"column":6},"end":{"line":226,"column":53}},"94":{"start":{"line":232,"column":4},"end":{"line":242,"column":5}},"95":{"start":{"line":233,"column":18},"end":{"line":233,"column":63}},"96":{"start":{"line":235,"column":6},"end":{"line":235,"column":67}},"97":{"start":{"line":236,"column":6},"end":{"line":239,"column":9}},"98":{"start":{"line":241,"column":6},"end":{"line":241,"column":53}},"99":{"start":{"line":247,"column":4},"end":{"line":259,"column":5}},"100":{"start":{"line":248,"column":18},"end":{"line":248,"column":63}},"101":{"start":{"line":249,"column":28},"end":{"line":249,"column":36}},"102":{"start":{"line":251,"column":6},"end":{"line":251,"column":67}},"103":{"start":{"line":252,"column":6},"end":{"line":256,"column":9}},"104":{"start":{"line":258,"column":6},"end":{"line":258,"column":53}},"105":{"start":{"line":264,"column":4},"end":{"line":274,"column":5}},"106":{"start":{"line":265,"column":18},"end":{"line":265,"column":63}},"107":{"start":{"line":267,"column":6},"end":{"line":267,"column":67}},"108":{"start":{"line":268,"column":6},"end":{"line":271,"column":9}},"109":{"start":{"line":273,"column":6},"end":{"line":273,"column":53}},"110":{"start":{"line":279,"column":4},"end":{"line":294,"column":5}},"111":{"start":{"line":280,"column":18},"end":{"line":280,"column":63}},"112":{"start":{"line":281,"column":32},"end":{"line":281,"column":40}},"113":{"start":{"line":283,"column":6},"end":{"line":285,"column":7}},"114":{"start":{"line":284,"column":8},"end":{"line":284,"column":74}},"115":{"start":{"line":287,"column":6},"end":{"line":287,"column":70}},"116":{"start":{"line":288,"column":6},"end":{"line":291,"column":9}},"117":{"start":{"line":293,"column":6},"end":{"line":293,"column":53}},"118":{"start":{"line":298,"column":4},"end":{"line":315,"column":5}},"119":{"start":{"line":299,"column":18},"end":{"line":299,"column":63}},"120":{"start":{"line":300,"column":34},"end":{"line":300,"column":42}},"121":{"start":{"line":302,"column":6},"end":{"line":306,"column":7}},"122":{"start":{"line":303,"column":8},"end":{"line":305,"column":11}},"123":{"start":{"line":308,"column":6},"end":{"line":308,"column":68}},"124":{"start":{"line":309,"column":6},"end":{"line":312,"column":9}},"125":{"start":{"line":314,"column":6},"end":{"line":314,"column":53}},"126":{"start":{"line":319,"column":4},"end":{"line":336,"column":5}},"127":{"start":{"line":320,"column":18},"end":{"line":320,"column":63}},"128":{"start":{"line":321,"column":39},"end":{"line":321,"column":47}},"129":{"start":{"line":323,"column":6},"end":{"line":327,"column":7}},"130":{"start":{"line":324,"column":8},"end":{"line":326,"column":11}},"131":{"start":{"line":329,"column":6},"end":{"line":329,"column":72}},"132":{"start":{"line":330,"column":6},"end":{"line":333,"column":9}},"133":{"start":{"line":335,"column":6},"end":{"line":335,"column":53}},"134":{"start":{"line":341,"column":0},"end":{"line":341,"column":41}}},"fnMap":{"0":{"name":"(anonymous_0)","decl":{"start":{"line":5,"column":2},"end":{"line":5,"column":3}},"loc":{"start":{"line":5,"column":34},"end":{"line":14,"column":3}},"line":5},"1":{"name":"(anonymous_1)","decl":{"start":{"line":16,"column":0},"end":{"line":16,"column":1}},"loc":{"start":{"line":16,"column":33},"end":{"line":34,"column":1}},"line":16},"2":{"name":"(anonymous_2)","decl":{"start":{"line":36,"column":0},"end":{"line":36,"column":1}},"loc":{"start":{"line":36,"column":33},"end":{"line":46,"column":1}},"line":36},"3":{"name":"(anonymous_3)","decl":{"start":{"line":48,"column":0},"end":{"line":48,"column":1}},"loc":{"start":{"line":48,"column":44},"end":{"line":58,"column":1}},"line":48},"4":{"name":"(anonymous_4)","decl":{"start":{"line":60,"column":2},"end":{"line":60,"column":3}},"loc":{"start":{"line":60,"column":37},"end":{"line":74,"column":3}},"line":60},"5":{"name":"(anonymous_5)","decl":{"start":{"line":76,"column":2},"end":{"line":76,"column":3}},"loc":{"start":{"line":76,"column":41},"end":{"line":85,"column":3}},"line":76},"6":{"name":"(anonymous_6)","decl":{"start":{"line":87,"column":2},"end":{"line":87,"column":3}},"loc":{"start":{"line":87,"column":30},"end":{"line":101,"column":3}},"line":87},"7":{"name":"(anonymous_7)","decl":{"start":{"line":103,"column":2},"end":{"line":103,"column":3}},"loc":{"start":{"line":103,"column":38},"end":{"line":112,"column":3}},"line":103},"8":{"name":"(anonymous_8)","decl":{"start":{"line":114,"column":2},"end":{"line":114,"column":3}},"loc":{"start":{"line":114,"column":39},"end":{"line":123,"column":3}},"line":114},"9":{"name":"(anonymous_9)","decl":{"start":{"line":125,"column":2},"end":{"line":125,"column":3}},"loc":{"start":{"line":125,"column":40},"end":{"line":150,"column":3}},"line":125},"10":{"name":"(anonymous_10)","decl":{"start":{"line":152,"column":2},"end":{"line":152,"column":3}},"loc":{"start":{"line":152,"column":31},"end":{"line":166,"column":3}},"line":152},"11":{"name":"(anonymous_11)","decl":{"start":{"line":171,"column":2},"end":{"line":171,"column":3}},"loc":{"start":{"line":171,"column":43},"end":{"line":183,"column":3}},"line":171},"12":{"name":"(anonymous_12)","decl":{"start":{"line":186,"column":2},"end":{"line":186,"column":3}},"loc":{"start":{"line":186,"column":42},"end":{"line":198,"column":3}},"line":186},"13":{"name":"(anonymous_13)","decl":{"start":{"line":201,"column":2},"end":{"line":201,"column":3}},"loc":{"start":{"line":201,"column":42},"end":{"line":213,"column":3}},"line":201},"14":{"name":"(anonymous_14)","decl":{"start":{"line":216,"column":2},"end":{"line":216,"column":3}},"loc":{"start":{"line":216,"column":39},"end":{"line":228,"column":3}},"line":216},"15":{"name":"(anonymous_15)","decl":{"start":{"line":231,"column":2},"end":{"line":231,"column":3}},"loc":{"start":{"line":231,"column":44},"end":{"line":243,"column":3}},"line":231},"16":{"name":"(anonymous_16)","decl":{"start":{"line":246,"column":2},"end":{"line":246,"column":3}},"loc":{"start":{"line":246,"column":34},"end":{"line":260,"column":3}},"line":246},"17":{"name":"(anonymous_17)","decl":{"start":{"line":263,"column":2},"end":{"line":263,"column":3}},"loc":{"start":{"line":263,"column":38},"end":{"line":275,"column":3}},"line":263},"18":{"name":"(anonymous_18)","decl":{"start":{"line":278,"column":2},"end":{"line":278,"column":3}},"loc":{"start":{"line":278,"column":41},"end":{"line":295,"column":3}},"line":278},"19":{"name":"(anonymous_19)","decl":{"start":{"line":297,"column":2},"end":{"line":297,"column":3}},"loc":{"start":{"line":297,"column":37},"end":{"line":316,"column":3}},"line":297},"20":{"name":"(anonymous_20)","decl":{"start":{"line":318,"column":2},"end":{"line":318,"column":3}},"loc":{"start":{"line":318,"column":36},"end":{"line":337,"column":3}},"line":318}},"branchMap":{"0":{"loc":{"start":{"line":65,"column":6},"end":{"line":67,"column":7}},"type":"if","locations":[{"start":{"line":65,"column":6},"end":{"line":67,"column":7}},{"start":{},"end":{}}],"line":65},"1":{"loc":{"start":{"line":92,"column":6},"end":{"line":94,"column":7}},"type":"if","locations":[{"start":{"line":92,"column":6},"end":{"line":94,"column":7}},{"start":{},"end":{}}],"line":92},"2":{"loc":{"start":{"line":130,"column":6},"end":{"line":132,"column":7}},"type":"if","locations":[{"start":{"line":130,"column":6},"end":{"line":132,"column":7}},{"start":{},"end":{}}],"line":130},"3":{"loc":{"start":{"line":136,"column":6},"end":{"line":146,"column":7}},"type":"if","locations":[{"start":{"line":136,"column":6},"end":{"line":146,"column":7}},{"start":{"line":141,"column":13},"end":{"line":146,"column":7}}],"line":136},"4":{"loc":{"start":{"line":157,"column":6},"end":{"line":159,"column":7}},"type":"if","locations":[{"start":{"line":157,"column":6},"end":{"line":159,"column":7}},{"start":{},"end":{}}],"line":157},"5":{"loc":{"start":{"line":283,"column":6},"end":{"line":285,"column":7}},"type":"if","locations":[{"start":{"line":283,"column":6},"end":{"line":285,"column":7}},{"start":{},"end":{}}],"line":283},"6":{"loc":{"start":{"line":302,"column":6},"end":{"line":306,"column":7}},"type":"if","locations":[{"start":{"line":302,"column":6},"end":{"line":306,"column":7}},{"start":{},"end":{}}],"line":302},"7":{"loc":{"start":{"line":302,"column":10},"end":{"line":302,"column":42}},"type":"binary-expr","locations":[{"start":{"line":302,"column":10},"end":{"line":302,"column":29}},{"start":{"line":302,"column":33},"end":{"line":302,"column":42}}],"line":302},"8":{"loc":{"start":{"line":323,"column":6},"end":{"line":327,"column":7}},"type":"if","locations":[{"start":{"line":323,"column":6},"end":{"line":327,"column":7}},{"start":{},"end":{}}],"line":323},"9":{"loc":{"start":{"line":323,"column":10},"end":{"line":323,"column":47}},"type":"binary-expr","locations":[{"start":{"line":323,"column":10},"end":{"line":323,"column":29}},{"start":{"line":323,"column":33},"end":{"line":323,"column":47}}],"line":323}},"s":{"0":2,"1":2,"2":5,"3":5,"4":5,"5":3,"6":2,"7":0,"8":0,"9":0,"10":0,"11":0,"12":0,"13":0,"14":0,"15":0,"16":0,"17":0,"18":0,"19":0,"20":0,"21":0,"22":0,"23":0,"24":0,"25":4,"26":4,"27":4,"28":4,"29":1,"30":3,"31":2,"32":1,"33":1,"34":1,"35":1,"36":1,"37":0,"38":2,"39":2,"40":2,"41":2,"42":1,"43":1,"44":1,"45":0,"46":1,"47":1,"48":1,"49":1,"50":0,"51":1,"52":1,"53":1,"54":1,"55":0,"56":3,"57":3,"58":3,"59":3,"60":1,"61":2,"62":2,"63":1,"64":1,"65":0,"66":0,"67":0,"68":0,"69":0,"70":0,"71":0,"72":0,"73":0,"74":0,"75":0,"76":0,"77":0,"78":0,"79":0,"80":0,"81":0,"82":0,"83":0,"84":0,"85":0,"86":0,"87":0,"88":0,"89":0,"90":0,"91":0,"92":0,"93":0,"94":0,"95":0,"96":0,"97":0,"98":0,"99":0,"100":0,"101":0,"102":0,"103":0,"104":0,"105":0,"106":0,"107":0,"108":0,"109":0,"110":2,"111":2,"112":2,"113":2,"114":1,"115":1,"116":1,"117":0,"118":2,"119":2,"120":2,"121":2,"122":1,"123":1,"124":1,"125":0,"126":2,"127":2,"128":2,"129":2,"130":1,"131":1,"132":1,"133":0,"134":2},"f":{"0":5,"1":0,"2":0,"3":0,"4":4,"5":1,"6":2,"7":1,"8":1,"9":3,"10":0,"11":0,"12":0,"13":0,"14":0,"15":0,"16":0,"17":0,"18":2,"19":2,"20":2},"b":{"0":[1,3],"1":[1,1],"2":[1,2],"3":[1,1],"4":[0,0],"5":[1,1],"6":[1,1],"7":[2,1],"8":[1,1],"9":[2,1]},"_coverageSchema":"1a1c01bbd47fc00a2c39e90264f33305004495a9","hash":"431678a3ae6e437a8e834ae2a4fbc816bc70d0c4"}
,"C:\\Users\\yoayo\\Documents\\AMQuizz\\ProjetYnov\\amquizbackend\\AMQuizBackEnd\\src\\controllers\\purchaseController.js": {"path":"C:\\Users\\yoayo\\Documents\\AMQuizz\\ProjetYnov\\amquizbackend\\AMQuizBackEnd\\src\\controllers\\purchaseController.js","statementMap":{"0":{"start":{"line":1,"column":24},"end":{"line":1,"column":62}},"1":{"start":{"line":2,"column":20},"end":{"line":2,"column":54}},"2":{"start":{"line":6,"column":4},"end":{"line":26,"column":5}},"3":{"start":{"line":7,"column":18},"end":{"line":7,"column":63}},"4":{"start":{"line":8,"column":41},"end":{"line":8,"column":49}},"5":{"start":{"line":10,"column":6},"end":{"line":10,"column":73}},"6":{"start":{"line":12,"column":21},"end":{"line":16,"column":7}},"7":{"start":{"line":18,"column":6},"end":{"line":22,"column":9}},"8":{"start":{"line":24,"column":6},"end":{"line":24,"column":61}},"9":{"start":{"line":25,"column":6},"end":{"line":25,"column":53}},"10":{"start":{"line":30,"column":4},"end":{"line":51,"column":5}},"11":{"start":{"line":31,"column":18},"end":{"line":31,"column":63}},"12":{"start":{"line":32,"column":53},"end":{"line":32,"column":61}},"13":{"start":{"line":34,"column":6},"end":{"line":34,"column":102}},"14":{"start":{"line":36,"column":21},"end":{"line":41,"column":7}},"15":{"start":{"line":43,"column":6},"end":{"line":47,"column":9}},"16":{"start":{"line":49,"column":6},"end":{"line":49,"column":61}},"17":{"start":{"line":50,"column":6},"end":{"line":50,"column":53}},"18":{"start":{"line":55,"column":0},"end":{"line":55,"column":42}}},"fnMap":{"0":{"name":"(anonymous_0)","decl":{"start":{"line":5,"column":2},"end":{"line":5,"column":3}},"loc":{"start":{"line":5,"column":44},"end":{"line":27,"column":3}},"line":5},"1":{"name":"(anonymous_1)","decl":{"start":{"line":29,"column":2},"end":{"line":29,"column":3}},"loc":{"start":{"line":29,"column":38},"end":{"line":52,"column":3}},"line":29}},"branchMap":{},"s":{"0":1,"1":1,"2":2,"3":2,"4":2,"5":2,"6":2,"7":1,"8":1,"9":1,"10":2,"11":2,"12":2,"13":2,"14":2,"15":1,"16":1,"17":1,"18":1},"f":{"0":2,"1":2},"b":{},"_coverageSchema":"1a1c01bbd47fc00a2c39e90264f33305004495a9","hash":"a14b05dda959301168b4a987a04cf5000dbd4143"}
,"C:\\Users\\yoayo\\Documents\\AMQuizz\\ProjetYnov\\amquizbackend\\AMQuizBackEnd\\src\\controllers\\quizController.js": {"path":"C:\\Users\\yoayo\\Documents\\AMQuizz\\ProjetYnov\\amquizbackend\\AMQuizBackEnd\\src\\controllers\\quizController.js","statementMap":{"0":{"start":{"line":1,"column":20},"end":{"line":1,"column":54}},"1":{"start":{"line":5,"column":4},"end":{"line":24,"column":5}},"2":{"start":{"line":6,"column":37},"end":{"line":6,"column":47}},"3":{"start":{"line":7,"column":24},"end":{"line":7,"column":33}},"4":{"start":{"line":9,"column":6},"end":{"line":13,"column":7}},"5":{"start":{"line":10,"column":8},"end":{"line":12,"column":11}},"6":{"start":{"line":15,"column":24},"end":{"line":19,"column":7}},"7":{"start":{"line":21,"column":6},"end":{"line":21,"column":38}},"8":{"start":{"line":23,"column":6},"end":{"line":23,"column":53}},"9":{"start":{"line":28,"column":4},"end":{"line":47,"column":5}},"10":{"start":{"line":29,"column":37},"end":{"line":29,"column":47}},"11":{"start":{"line":30,"column":24},"end":{"line":30,"column":33}},"12":{"start":{"line":32,"column":6},"end":{"line":36,"column":7}},"13":{"start":{"line":33,"column":8},"end":{"line":35,"column":11}},"14":{"start":{"line":38,"column":24},"end":{"line":42,"column":7}},"15":{"start":{"line":44,"column":6},"end":{"line":44,"column":38}},"16":{"start":{"line":46,"column":6},"end":{"line":46,"column":53}},"17":{"start":{"line":51,"column":4},"end":{"line":62,"column":5}},"18":{"start":{"line":52,"column":24},"end":{"line":52,"column":34}},"19":{"start":{"line":54,"column":6},"end":{"line":56,"column":7}},"20":{"start":{"line":55,"column":8},"end":{"line":55,"column":63}},"21":{"start":{"line":58,"column":22},"end":{"line":58,"column":67}},"22":{"start":{"line":59,"column":6},"end":{"line":59,"column":36}},"23":{"start":{"line":61,"column":6},"end":{"line":61,"column":53}},"24":{"start":{"line":66,"column":4},"end":{"line":71,"column":5}},"25":{"start":{"line":67,"column":21},"end":{"line":67,"column":53}},"26":{"start":{"line":68,"column":6},"end":{"line":68,"column":35}},"27":{"start":{"line":70,"column":6},"end":{"line":70,"column":53}},"28":{"start":{"line":75,"column":4},"end":{"line":91,"column":5}},"29":{"start":{"line":76,"column":37},"end":{"line":76,"column":47}},"30":{"start":{"line":78,"column":6},"end":{"line":82,"column":7}},"31":{"start":{"line":79,"column":8},"end":{"line":81,"column":11}},"32":{"start":{"line":84,"column":22},"end":{"line":84,"column":78}},"33":{"start":{"line":85,"column":6},"end":{"line":88,"column":9}},"34":{"start":{"line":90,"column":6},"end":{"line":90,"column":53}},"35":{"start":{"line":95,"column":4},"end":{"line":108,"column":5}},"36":{"start":{"line":96,"column":39},"end":{"line":96,"column":47}},"37":{"start":{"line":98,"column":6},"end":{"line":102,"column":7}},"38":{"start":{"line":99,"column":8},"end":{"line":101,"column":11}},"39":{"start":{"line":104,"column":21},"end":{"line":104,"column":72}},"40":{"start":{"line":105,"column":6},"end":{"line":105,"column":35}},"41":{"start":{"line":107,"column":6},"end":{"line":107,"column":53}},"42":{"start":{"line":112,"column":4},"end":{"line":130,"column":5}},"43":{"start":{"line":113,"column":26},"end":{"line":113,"column":34}},"44":{"start":{"line":115,"column":6},"end":{"line":119,"column":7}},"45":{"start":{"line":116,"column":8},"end":{"line":118,"column":11}},"46":{"start":{"line":121,"column":20},"end":{"line":121,"column":59}},"47":{"start":{"line":122,"column":21},"end":{"line":122,"column":70}},"48":{"start":{"line":124,"column":6},"end":{"line":127,"column":9}},"49":{"start":{"line":129,"column":6},"end":{"line":129,"column":53}},"50":{"start":{"line":134,"column":0},"end":{"line":134,"column":38}}},"fnMap":{"0":{"name":"(anonymous_0)","decl":{"start":{"line":4,"column":2},"end":{"line":4,"column":3}},"loc":{"start":{"line":4,"column":35},"end":{"line":25,"column":3}},"line":4},"1":{"name":"(anonymous_1)","decl":{"start":{"line":27,"column":2},"end":{"line":27,"column":3}},"loc":{"start":{"line":27,"column":37},"end":{"line":48,"column":3}},"line":27},"2":{"name":"(anonymous_2)","decl":{"start":{"line":50,"column":2},"end":{"line":50,"column":3}},"loc":{"start":{"line":50,"column":39},"end":{"line":63,"column":3}},"line":50},"3":{"name":"(anonymous_3)","decl":{"start":{"line":65,"column":2},"end":{"line":65,"column":3}},"loc":{"start":{"line":65,"column":31},"end":{"line":72,"column":3}},"line":65},"4":{"name":"(anonymous_4)","decl":{"start":{"line":74,"column":2},"end":{"line":74,"column":3}},"loc":{"start":{"line":74,"column":37},"end":{"line":92,"column":3}},"line":74},"5":{"name":"(anonymous_5)","decl":{"start":{"line":94,"column":2},"end":{"line":94,"column":3}},"loc":{"start":{"line":94,"column":32},"end":{"line":109,"column":3}},"line":94},"6":{"name":"(anonymous_6)","decl":{"start":{"line":111,"column":2},"end":{"line":111,"column":3}},"loc":{"start":{"line":111,"column":33},"end":{"line":131,"column":3}},"line":111}},"branchMap":{"0":{"loc":{"start":{"line":9,"column":6},"end":{"line":13,"column":7}},"type":"if","locations":[{"start":{"line":9,"column":6},"end":{"line":13,"column":7}},{"start":{},"end":{}}],"line":9},"1":{"loc":{"start":{"line":9,"column":10},"end":{"line":9,"column":32}},"type":"binary-expr","locations":[{"start":{"line":9,"column":10},"end":{"line":9,"column":19}},{"start":{"line":9,"column":23},"end":{"line":9,"column":32}}],"line":9},"2":{"loc":{"start":{"line":18,"column":8},"end":{"line":18,"column":35}},"type":"cond-expr","locations":[{"start":{"line":18,"column":16},"end":{"line":18,"column":31}},{"start":{"line":18,"column":34},"end":{"line":18,"column":35}}],"line":18},"3":{"loc":{"start":{"line":32,"column":6},"end":{"line":36,"column":7}},"type":"if","locations":[{"start":{"line":32,"column":6},"end":{"line":36,"column":7}},{"start":{},"end":{}}],"line":32},"4":{"loc":{"start":{"line":32,"column":10},"end":{"line":32,"column":32}},"type":"binary-expr","locations":[{"start":{"line":32,"column":10},"end":{"line":32,"column":19}},{"start":{"line":32,"column":23},"end":{"line":32,"column":32}}],"line":32},"5":{"loc":{"start":{"line":41,"column":8},"end":{"line":41,"column":35}},"type":"cond-expr","locations":[{"start":{"line":41,"column":16},"end":{"line":41,"column":31}},{"start":{"line":41,"column":34},"end":{"line":41,"column":35}}],"line":41},"6":{"loc":{"start":{"line":54,"column":6},"end":{"line":56,"column":7}},"type":"if","locations":[{"start":{"line":54,"column":6},"end":{"line":56,"column":7}},{"start":{},"end":{}}],"line":54},"7":{"loc":{"start":{"line":78,"column":6},"end":{"line":82,"column":7}},"type":"if","locations":[{"start":{"line":78,"column":6},"end":{"line":82,"column":7}},{"start":{},"end":{}}],"line":78},"8":{"loc":{"start":{"line":78,"column":10},"end":{"line":78,"column":32}},"type":"binary-expr","locations":[{"start":{"line":78,"column":10},"end":{"line":78,"column":19}},{"start":{"line":78,"column":23},"end":{"line":78,"column":32}}],"line":78},"9":{"loc":{"start":{"line":98,"column":6},"end":{"line":102,"column":7}},"type":"if","locations":[{"start":{"line":98,"column":6},"end":{"line":102,"column":7}},{"start":{},"end":{}}],"line":98},"10":{"loc":{"start":{"line":98,"column":10},"end":{"line":98,"column":47}},"type":"binary-expr","locations":[{"start":{"line":98,"column":10},"end":{"line":98,"column":19}},{"start":{"line":98,"column":23},"end":{"line":98,"column":47}}],"line":98},"11":{"loc":{"start":{"line":115,"column":6},"end":{"line":119,"column":7}},"type":"if","locations":[{"start":{"line":115,"column":6},"end":{"line":119,"column":7}},{"start":{},"end":{}}],"line":115},"12":{"loc":{"start":{"line":115,"column":10},"end":{"line":115,"column":45}},"type":"binary-expr","locations":[{"start":{"line":115,"column":10},"end":{"line":115,"column":18}},{"start":{"line":115,"column":22},"end":{"line":115,"column":45}}],"line":115}},"s":{"0":1,"1":3,"2":3,"3":3,"4":3,"5":1,"6":2,"7":1,"8":1,"9":3,"10":3,"11":3,"12":3,"13":1,"14":2,"15":1,"16":1,"17":3,"18":3,"19":3,"20":1,"21":2,"22":1,"23":1,"24":2,"25":2,"26":1,"27":1,"28":3,"29":3,"30":3,"31":1,"32":2,"33":1,"34":1,"35":2,"36":2,"37":2,"38":1,"39":1,"40":1,"41":0,"42":2,"43":2,"44":2,"45":1,"46":1,"47":1,"48":1,"49":0,"50":1},"f":{"0":3,"1":3,"2":3,"3":2,"4":3,"5":2,"6":2},"b":{"0":[1,2],"1":[3,2],"2":[1,1],"3":[1,2],"4":[3,2],"5":[1,1],"6":[1,2],"7":[1,2],"8":[3,2],"9":[1,1],"10":[2,1],"11":[1,1],"12":[2,1]},"_coverageSchema":"1a1c01bbd47fc00a2c39e90264f33305004495a9","hash":"c521a9043ffdcfd72dfdd2531fbb8fa4afd3acff"}
,"C:\\Users\\yoayo\\Documents\\AMQuizz\\ProjetYnov\\amquizbackend\\AMQuizBackEnd\\src\\controllers\\shopController.js": {"path":"C:\\Users\\yoayo\\Documents\\AMQuizz\\ProjetYnov\\amquizbackend\\AMQuizBackEnd\\src\\controllers\\shopController.js","statementMap":{"0":{"start":{"line":1,"column":20},"end":{"line":1,"column":54}},"1":{"start":{"line":2,"column":20},"end":{"line":2,"column":54}},"2":{"start":{"line":6,"column":4},"end":{"line":18,"column":5}},"3":{"start":{"line":7,"column":18},"end":{"line":7,"column":63}},"4":{"start":{"line":8,"column":26},"end":{"line":8,"column":34}},"5":{"start":{"line":10,"column":6},"end":{"line":12,"column":7}},"6":{"start":{"line":11,"column":8},"end":{"line":11,"column":72}},"7":{"start":{"line":14,"column":22},"end":{"line":14,"column":61}},"8":{"start":{"line":15,"column":6},"end":{"line":15,"column":40}},"9":{"start":{"line":17,"column":6},"end":{"line":17,"column":53}},"10":{"start":{"line":22,"column":4},"end":{"line":27,"column":5}},"11":{"start":{"line":23,"column":21},"end":{"line":23,"column":44}},"12":{"start":{"line":24,"column":6},"end":{"line":24,"column":35}},"13":{"start":{"line":26,"column":6},"end":{"line":26,"column":81}},"14":{"start":{"line":31,"column":4},"end":{"line":46,"column":5}},"15":{"start":{"line":32,"column":18},"end":{"line":32,"column":63}},"16":{"start":{"line":33,"column":28},"end":{"line":33,"column":36}},"17":{"start":{"line":35,"column":6},"end":{"line":37,"column":7}},"18":{"start":{"line":36,"column":8},"end":{"line":36,"column":72}},"19":{"start":{"line":39,"column":19},"end":{"line":39,"column":62}},"20":{"start":{"line":40,"column":6},"end":{"line":43,"column":9}},"21":{"start":{"line":45,"column":6},"end":{"line":45,"column":53}},"22":{"start":{"line":50,"column":4},"end":{"line":65,"column":5}},"23":{"start":{"line":51,"column":18},"end":{"line":51,"column":63}},"24":{"start":{"line":52,"column":28},"end":{"line":52,"column":36}},"25":{"start":{"line":54,"column":6},"end":{"line":56,"column":7}},"26":{"start":{"line":55,"column":8},"end":{"line":55,"column":75}},"27":{"start":{"line":58,"column":19},"end":{"line":58,"column":65}},"28":{"start":{"line":59,"column":6},"end":{"line":62,"column":9}},"29":{"start":{"line":64,"column":6},"end":{"line":64,"column":53}},"30":{"start":{"line":69,"column":4},"end":{"line":86,"column":5}},"31":{"start":{"line":70,"column":18},"end":{"line":70,"column":63}},"32":{"start":{"line":71,"column":35},"end":{"line":71,"column":43}},"33":{"start":{"line":73,"column":6},"end":{"line":77,"column":7}},"34":{"start":{"line":74,"column":8},"end":{"line":76,"column":11}},"35":{"start":{"line":79,"column":24},"end":{"line":79,"column":73}},"36":{"start":{"line":80,"column":6},"end":{"line":83,"column":9}},"37":{"start":{"line":85,"column":6},"end":{"line":85,"column":53}},"38":{"start":{"line":90,"column":0},"end":{"line":90,"column":38}}},"fnMap":{"0":{"name":"(anonymous_0)","decl":{"start":{"line":5,"column":2},"end":{"line":5,"column":3}},"loc":{"start":{"line":5,"column":26},"end":{"line":19,"column":3}},"line":5},"1":{"name":"(anonymous_1)","decl":{"start":{"line":21,"column":2},"end":{"line":21,"column":3}},"loc":{"start":{"line":21,"column":28},"end":{"line":28,"column":3}},"line":21},"2":{"name":"(anonymous_2)","decl":{"start":{"line":30,"column":2},"end":{"line":30,"column":3}},"loc":{"start":{"line":30,"column":28},"end":{"line":47,"column":3}},"line":30},"3":{"name":"(anonymous_3)","decl":{"start":{"line":49,"column":2},"end":{"line":49,"column":3}},"loc":{"start":{"line":49,"column":31},"end":{"line":66,"column":3}},"line":49},"4":{"name":"(anonymous_4)","decl":{"start":{"line":68,"column":2},"end":{"line":68,"column":3}},"loc":{"start":{"line":68,"column":27},"end":{"line":87,"column":3}},"line":68}},"branchMap":{"0":{"loc":{"start":{"line":10,"column":6},"end":{"line":12,"column":7}},"type":"if","locations":[{"start":{"line":10,"column":6},"end":{"line":12,"column":7}},{"start":{},"end":{}}],"line":10},"1":{"loc":{"start":{"line":35,"column":6},"end":{"line":37,"column":7}},"type":"if","locations":[{"start":{"line":35,"column":6},"end":{"line":37,"column":7}},{"start":{},"end":{}}],"line":35},"2":{"loc":{"start":{"line":54,"column":6},"end":{"line":56,"column":7}},"type":"if","locations":[{"start":{"line":54,"column":6},"end":{"line":56,"column":7}},{"start":{},"end":{}}],"line":54},"3":{"loc":{"start":{"line":73,"column":6},"end":{"line":77,"column":7}},"type":"if","locations":[{"start":{"line":73,"column":6},"end":{"line":77,"column":7}},{"start":{},"end":{}}],"line":73},"4":{"loc":{"start":{"line":73,"column":10},"end":{"line":73,"column":30}},"type":"binary-expr","locations":[{"start":{"line":73,"column":10},"end":{"line":73,"column":17}},{"start":{"line":73,"column":21},"end":{"line":73,"column":30}}],"line":73}},"s":{"0":2,"1":2,"2":3,"3":3,"4":3,"5":3,"6":1,"7":2,"8":1,"9":1,"10":4,"11":4,"12":2,"13":2,"14":3,"15":3,"16":3,"17":3,"18":1,"19":2,"20":1,"21":1,"22":3,"23":3,"24":3,"25":3,"26":1,"27":2,"28":1,"29":1,"30":3,"31":3,"32":3,"33":3,"34":1,"35":2,"36":1,"37":1,"38":2},"f":{"0":3,"1":4,"2":3,"3":3,"4":3},"b":{"0":[1,2],"1":[1,2],"2":[1,2],"3":[1,2],"4":[3,2]},"_coverageSchema":"1a1c01bbd47fc00a2c39e90264f33305004495a9","hash":"e916159b2921cba12e881a8c4269f78b5e5777ed"}
,"C:\\Users\\yoayo\\Documents\\AMQuizz\\ProjetYnov\\amquizbackend\\AMQuizBackEnd\\src\\controllers\\signalementController.js": {"path":"C:\\Users\\yoayo\\Documents\\AMQuizz\\ProjetYnov\\amquizbackend\\AMQuizBackEnd\\src\\controllers\\signalementController.js","statementMap":{"0":{"start":{"line":1,"column":27},"end":{"line":1,"column":68}},"1":{"start":{"line":2,"column":20},"end":{"line":2,"column":54}},"2":{"start":{"line":6,"column":4},"end":{"line":28,"column":5}},"3":{"start":{"line":7,"column":18},"end":{"line":7,"column":63}},"4":{"start":{"line":8,"column":50},"end":{"line":8,"column":58}},"5":{"start":{"line":10,"column":6},"end":{"line":14,"column":7}},"6":{"start":{"line":11,"column":8},"end":{"line":13,"column":11}},"7":{"start":{"line":17,"column":6},"end":{"line":17,"column":65}},"8":{"start":{"line":19,"column":22},"end":{"line":23,"column":7}},"9":{"start":{"line":25,"column":6},"end":{"line":25,"column":40}},"10":{"start":{"line":27,"column":6},"end":{"line":27,"column":53}},"11":{"start":{"line":32,"column":4},"end":{"line":43,"column":5}},"12":{"start":{"line":33,"column":22},"end":{"line":33,"column":32}},"13":{"start":{"line":35,"column":6},"end":{"line":37,"column":7}},"14":{"start":{"line":36,"column":8},"end":{"line":36,"column":61}},"15":{"start":{"line":39,"column":27},"end":{"line":39,"column":78}},"16":{"start":{"line":40,"column":6},"end":{"line":40,"column":41}},"17":{"start":{"line":42,"column":6},"end":{"line":42,"column":53}},"18":{"start":{"line":47,"column":4},"end":{"line":53,"column":5}},"19":{"start":{"line":49,"column":27},"end":{"line":49,"column":72}},"20":{"start":{"line":50,"column":6},"end":{"line":50,"column":41}},"21":{"start":{"line":52,"column":6},"end":{"line":52,"column":53}},"22":{"start":{"line":57,"column":4},"end":{"line":68,"column":5}},"23":{"start":{"line":58,"column":32},"end":{"line":58,"column":42}},"24":{"start":{"line":60,"column":6},"end":{"line":62,"column":7}},"25":{"start":{"line":61,"column":8},"end":{"line":61,"column":75}},"26":{"start":{"line":64,"column":22},"end":{"line":64,"column":79}},"27":{"start":{"line":65,"column":6},"end":{"line":65,"column":40}},"28":{"start":{"line":67,"column":6},"end":{"line":67,"column":53}},"29":{"start":{"line":72,"column":4},"end":{"line":79,"column":5}},"30":{"start":{"line":73,"column":18},"end":{"line":73,"column":63}},"31":{"start":{"line":75,"column":27},"end":{"line":75,"column":82}},"32":{"start":{"line":76,"column":6},"end":{"line":76,"column":41}},"33":{"start":{"line":78,"column":6},"end":{"line":78,"column":53}},"34":{"start":{"line":83,"column":0},"end":{"line":83,"column":45}}},"fnMap":{"0":{"name":"(anonymous_0)","decl":{"start":{"line":5,"column":2},"end":{"line":5,"column":3}},"loc":{"start":{"line":5,"column":36},"end":{"line":29,"column":3}},"line":5},"1":{"name":"(anonymous_1)","decl":{"start":{"line":31,"column":2},"end":{"line":31,"column":3}},"loc":{"start":{"line":31,"column":40},"end":{"line":44,"column":3}},"line":31},"2":{"name":"(anonymous_2)","decl":{"start":{"line":46,"column":2},"end":{"line":46,"column":3}},"loc":{"start":{"line":46,"column":37},"end":{"line":54,"column":3}},"line":46},"3":{"name":"(anonymous_3)","decl":{"start":{"line":56,"column":2},"end":{"line":56,"column":3}},"loc":{"start":{"line":56,"column":36},"end":{"line":69,"column":3}},"line":56},"4":{"name":"(anonymous_4)","decl":{"start":{"line":71,"column":2},"end":{"line":71,"column":3}},"loc":{"start":{"line":71,"column":36},"end":{"line":80,"column":3}},"line":71}},"branchMap":{"0":{"loc":{"start":{"line":10,"column":6},"end":{"line":14,"column":7}},"type":"if","locations":[{"start":{"line":10,"column":6},"end":{"line":14,"column":7}},{"start":{},"end":{}}],"line":10},"1":{"loc":{"start":{"line":10,"column":10},"end":{"line":10,"column":45}},"type":"binary-expr","locations":[{"start":{"line":10,"column":10},"end":{"line":10,"column":34}},{"start":{"line":10,"column":38},"end":{"line":10,"column":45}}],"line":10},"2":{"loc":{"start":{"line":35,"column":6},"end":{"line":37,"column":7}},"type":"if","locations":[{"start":{"line":35,"column":6},"end":{"line":37,"column":7}},{"start":{},"end":{}}],"line":35},"3":{"loc":{"start":{"line":60,"column":6},"end":{"line":62,"column":7}},"type":"if","locations":[{"start":{"line":60,"column":6},"end":{"line":62,"column":7}},{"start":{},"end":{}}],"line":60}},"s":{"0":2,"1":2,"2":3,"3":3,"4":3,"5":3,"6":1,"7":2,"8":2,"9":1,"10":1,"11":5,"12":5,"13":5,"14":1,"15":4,"16":2,"17":2,"18":4,"19":4,"20":2,"21":2,"22":5,"23":5,"24":5,"25":1,"26":4,"27":2,"28":2,"29":4,"30":4,"31":4,"32":2,"33":2,"34":2},"f":{"0":3,"1":5,"2":4,"3":5,"4":4},"b":{"0":[1,2],"1":[3,2],"2":[1,4],"3":[1,4]},"_coverageSchema":"1a1c01bbd47fc00a2c39e90264f33305004495a9","hash":"f89b87b59f72eb773f07260d979eaf03678edcd7"}
,"C:\\Users\\yoayo\\Documents\\AMQuizz\\ProjetYnov\\amquizbackend\\AMQuizBackEnd\\src\\controllers\\userController.js": {"path":"C:\\Users\\yoayo\\Documents\\AMQuizz\\ProjetYnov\\amquizbackend\\AMQuizBackEnd\\src\\controllers\\userController.js","statementMap":{"0":{"start":{"line":1,"column":20},"end":{"line":1,"column":54}},"1":{"start":{"line":2,"column":20},"end":{"line":2,"column":54}},"2":{"start":{"line":6,"column":4},"end":{"line":18,"column":5}},"3":{"start":{"line":7,"column":18},"end":{"line":7,"column":63}},"4":{"start":{"line":8,"column":29},"end":{"line":8,"column":37}},"5":{"start":{"line":10,"column":6},"end":{"line":12,"column":7}},"6":{"start":{"line":11,"column":8},"end":{"line":11,"column":69}},"7":{"start":{"line":14,"column":6},"end":{"line":14,"column":57}},"8":{"start":{"line":15,"column":6},"end":{"line":15,"column":78}},"9":{"start":{"line":17,"column":6},"end":{"line":17,"column":53}},"10":{"start":{"line":22,"column":4},"end":{"line":34,"column":5}},"11":{"start":{"line":23,"column":18},"end":{"line":23,"column":63}},"12":{"start":{"line":24,"column":24},"end":{"line":24,"column":32}},"13":{"start":{"line":26,"column":6},"end":{"line":28,"column":7}},"14":{"start":{"line":27,"column":8},"end":{"line":27,"column":63}},"15":{"start":{"line":30,"column":6},"end":{"line":30,"column":48}},"16":{"start":{"line":31,"column":6},"end":{"line":31,"column":72}},"17":{"start":{"line":33,"column":6},"end":{"line":33,"column":53}},"18":{"start":{"line":38,"column":4},"end":{"line":60,"column":5}},"19":{"start":{"line":39,"column":6},"end":{"line":39,"column":65}},"20":{"start":{"line":40,"column":6},"end":{"line":40,"column":58}},"21":{"start":{"line":42,"column":18},"end":{"line":42,"column":63}},"22":{"start":{"line":43,"column":6},"end":{"line":43,"column":55}},"23":{"start":{"line":45,"column":31},"end":{"line":45,"column":39}},"24":{"start":{"line":47,"column":6},"end":{"line":50,"column":7}},"25":{"start":{"line":48,"column":8},"end":{"line":48,"column":61}},"26":{"start":{"line":49,"column":8},"end":{"line":49,"column":84}},"27":{"start":{"line":52,"column":6},"end":{"line":52,"column":74}},"28":{"start":{"line":53,"column":6},"end":{"line":53,"column":64}},"29":{"start":{"line":55,"column":6},"end":{"line":55,"column":45}},"30":{"start":{"line":56,"column":6},"end":{"line":56,"column":83}},"31":{"start":{"line":58,"column":6},"end":{"line":58,"column":60}},"32":{"start":{"line":59,"column":6},"end":{"line":59,"column":53}},"33":{"start":{"line":64,"column":4},"end":{"line":86,"column":5}},"34":{"start":{"line":65,"column":6},"end":{"line":65,"column":58}},"35":{"start":{"line":66,"column":6},"end":{"line":66,"column":59}},"36":{"start":{"line":68,"column":18},"end":{"line":68,"column":63}},"37":{"start":{"line":69,"column":6},"end":{"line":69,"column":56}},"38":{"start":{"line":71,"column":33},"end":{"line":71,"column":41}},"39":{"start":{"line":73,"column":6},"end":{"line":76,"column":7}},"40":{"start":{"line":74,"column":8},"end":{"line":74,"column":67}},"41":{"start":{"line":75,"column":8},"end":{"line":75,"column":77}},"42":{"start":{"line":78,"column":6},"end":{"line":78,"column":77}},"43":{"start":{"line":79,"column":6},"end":{"line":79,"column":58}},"44":{"start":{"line":81,"column":6},"end":{"line":81,"column":46}},"45":{"start":{"line":82,"column":6},"end":{"line":82,"column":76}},"46":{"start":{"line":84,"column":6},"end":{"line":84,"column":61}},"47":{"start":{"line":85,"column":6},"end":{"line":85,"column":53}},"48":{"start":{"line":90,"column":4},"end":{"line":98,"column":5}},"49":{"start":{"line":91,"column":18},"end":{"line":91,"column":63}},"50":{"start":{"line":92,"column":40},"end":{"line":92,"column":48}},"51":{"start":{"line":94,"column":6},"end":{"line":94,"column":61}},"52":{"start":{"line":95,"column":6},"end":{"line":95,"column":67}},"53":{"start":{"line":97,"column":6},"end":{"line":97,"column":53}},"54":{"start":{"line":102,"column":4},"end":{"line":110,"column":5}},"55":{"start":{"line":103,"column":18},"end":{"line":103,"column":63}},"56":{"start":{"line":104,"column":27},"end":{"line":104,"column":35}},"57":{"start":{"line":106,"column":6},"end":{"line":106,"column":54}},"58":{"start":{"line":107,"column":6},"end":{"line":107,"column":76}},"59":{"start":{"line":109,"column":6},"end":{"line":109,"column":53}},"60":{"start":{"line":114,"column":4},"end":{"line":122,"column":5}},"61":{"start":{"line":115,"column":33},"end":{"line":115,"column":43}},"62":{"start":{"line":116,"column":18},"end":{"line":116,"column":73}},"63":{"start":{"line":118,"column":6},"end":{"line":118,"column":40}},"64":{"start":{"line":119,"column":6},"end":{"line":119,"column":71}},"65":{"start":{"line":121,"column":6},"end":{"line":121,"column":53}},"66":{"start":{"line":126,"column":4},"end":{"line":133,"column":5}},"67":{"start":{"line":127,"column":18},"end":{"line":127,"column":63}},"68":{"start":{"line":129,"column":6},"end":{"line":129,"column":38}},"69":{"start":{"line":130,"column":6},"end":{"line":130,"column":66}},"70":{"start":{"line":132,"column":6},"end":{"line":132,"column":53}},"71":{"start":{"line":137,"column":4},"end":{"line":154,"column":5}},"72":{"start":{"line":138,"column":18},"end":{"line":138,"column":63}},"73":{"start":{"line":139,"column":57},"end":{"line":139,"column":65}},"74":{"start":{"line":141,"column":6},"end":{"line":145,"column":7}},"75":{"start":{"line":142,"column":8},"end":{"line":144,"column":11}},"76":{"start":{"line":147,"column":6},"end":{"line":147,"column":83}},"77":{"start":{"line":148,"column":6},"end":{"line":151,"column":9}},"78":{"start":{"line":153,"column":6},"end":{"line":153,"column":53}},"79":{"start":{"line":158,"column":4},"end":{"line":183,"column":5}},"80":{"start":{"line":159,"column":18},"end":{"line":159,"column":63}},"81":{"start":{"line":160,"column":42},"end":{"line":160,"column":50}},"82":{"start":{"line":162,"column":6},"end":{"line":166,"column":7}},"83":{"start":{"line":163,"column":8},"end":{"line":165,"column":11}},"84":{"start":{"line":168,"column":23},"end":{"line":168,"column":86}},"85":{"start":{"line":170,"column":6},"end":{"line":180,"column":7}},"86":{"start":{"line":171,"column":8},"end":{"line":174,"column":11}},"87":{"start":{"line":176,"column":8},"end":{"line":179,"column":11}},"88":{"start":{"line":182,"column":6},"end":{"line":182,"column":53}},"89":{"start":{"line":187,"column":4},"end":{"line":197,"column":5}},"90":{"start":{"line":188,"column":18},"end":{"line":188,"column":63}},"91":{"start":{"line":190,"column":6},"end":{"line":190,"column":48}},"92":{"start":{"line":191,"column":6},"end":{"line":194,"column":9}},"93":{"start":{"line":196,"column":6},"end":{"line":196,"column":53}},"94":{"start":{"line":201,"column":4},"end":{"line":211,"column":5}},"95":{"start":{"line":202,"column":18},"end":{"line":202,"column":63}},"96":{"start":{"line":204,"column":6},"end":{"line":204,"column":52}},"97":{"start":{"line":205,"column":6},"end":{"line":208,"column":9}},"98":{"start":{"line":210,"column":6},"end":{"line":210,"column":53}},"99":{"start":{"line":215,"column":4},"end":{"line":225,"column":5}},"100":{"start":{"line":216,"column":18},"end":{"line":216,"column":63}},"101":{"start":{"line":218,"column":6},"end":{"line":218,"column":52}},"102":{"start":{"line":219,"column":6},"end":{"line":222,"column":9}},"103":{"start":{"line":224,"column":6},"end":{"line":224,"column":53}},"104":{"start":{"line":229,"column":0},"end":{"line":229,"column":38}}},"fnMap":{"0":{"name":"(anonymous_0)","decl":{"start":{"line":5,"column":2},"end":{"line":5,"column":3}},"loc":{"start":{"line":5,"column":34},"end":{"line":19,"column":3}},"line":5},"1":{"name":"(anonymous_1)","decl":{"start":{"line":21,"column":2},"end":{"line":21,"column":3}},"loc":{"start":{"line":21,"column":30},"end":{"line":35,"column":3}},"line":21},"2":{"name":"(anonymous_2)","decl":{"start":{"line":37,"column":2},"end":{"line":37,"column":3}},"loc":{"start":{"line":37,"column":39},"end":{"line":61,"column":3}},"line":37},"3":{"name":"(anonymous_3)","decl":{"start":{"line":63,"column":2},"end":{"line":63,"column":3}},"loc":{"start":{"line":63,"column":31},"end":{"line":87,"column":3}},"line":63},"4":{"name":"(anonymous_4)","decl":{"start":{"line":89,"column":2},"end":{"line":89,"column":3}},"loc":{"start":{"line":89,"column":27},"end":{"line":99,"column":3}},"line":89},"5":{"name":"(anonymous_5)","decl":{"start":{"line":101,"column":2},"end":{"line":101,"column":3}},"loc":{"start":{"line":101,"column":33},"end":{"line":111,"column":3}},"line":101},"6":{"name":"(anonymous_6)","decl":{"start":{"line":113,"column":2},"end":{"line":113,"column":3}},"loc":{"start":{"line":113,"column":32},"end":{"line":123,"column":3}},"line":113},"7":{"name":"(anonymous_7)","decl":{"start":{"line":125,"column":2},"end":{"line":125,"column":3}},"loc":{"start":{"line":125,"column":27},"end":{"line":134,"column":3}},"line":125},"8":{"name":"(anonymous_8)","decl":{"start":{"line":136,"column":2},"end":{"line":136,"column":3}},"loc":{"start":{"line":136,"column":32},"end":{"line":155,"column":3}},"line":136},"9":{"name":"(anonymous_9)","decl":{"start":{"line":157,"column":2},"end":{"line":157,"column":3}},"loc":{"start":{"line":157,"column":34},"end":{"line":184,"column":3}},"line":157},"10":{"name":"(anonymous_10)","decl":{"start":{"line":186,"column":2},"end":{"line":186,"column":3}},"loc":{"start":{"line":186,"column":37},"end":{"line":198,"column":3}},"line":186},"11":{"name":"(anonymous_11)","decl":{"start":{"line":200,"column":2},"end":{"line":200,"column":3}},"loc":{"start":{"line":200,"column":41},"end":{"line":212,"column":3}},"line":200},"12":{"name":"(anonymous_12)","decl":{"start":{"line":214,"column":2},"end":{"line":214,"column":3}},"loc":{"start":{"line":214,"column":41},"end":{"line":226,"column":3}},"line":214}},"branchMap":{"0":{"loc":{"start":{"line":10,"column":6},"end":{"line":12,"column":7}},"type":"if","locations":[{"start":{"line":10,"column":6},"end":{"line":12,"column":7}},{"start":{},"end":{}}],"line":10},"1":{"loc":{"start":{"line":10,"column":10},"end":{"line":10,"column":42}},"type":"binary-expr","locations":[{"start":{"line":10,"column":10},"end":{"line":10,"column":21}},{"start":{"line":10,"column":25},"end":{"line":10,"column":42}}],"line":10},"2":{"loc":{"start":{"line":26,"column":6},"end":{"line":28,"column":7}},"type":"if","locations":[{"start":{"line":26,"column":6},"end":{"line":28,"column":7}},{"start":{},"end":{}}],"line":26},"3":{"loc":{"start":{"line":47,"column":6},"end":{"line":50,"column":7}},"type":"if","locations":[{"start":{"line":47,"column":6},"end":{"line":50,"column":7}},{"start":{},"end":{}}],"line":47},"4":{"loc":{"start":{"line":73,"column":6},"end":{"line":76,"column":7}},"type":"if","locations":[{"start":{"line":73,"column":6},"end":{"line":76,"column":7}},{"start":{},"end":{}}],"line":73},"5":{"loc":{"start":{"line":141,"column":6},"end":{"line":145,"column":7}},"type":"if","locations":[{"start":{"line":141,"column":6},"end":{"line":145,"column":7}},{"start":{},"end":{}}],"line":141},"6":{"loc":{"start":{"line":141,"column":10},"end":{"line":141,"column":94}},"type":"binary-expr","locations":[{"start":{"line":141,"column":10},"end":{"line":141,"column":34}},{"start":{"line":141,"column":38},"end":{"line":141,"column":63}},{"start":{"line":141,"column":67},"end":{"line":141,"column":94}}],"line":141},"7":{"loc":{"start":{"line":162,"column":6},"end":{"line":166,"column":7}},"type":"if","locations":[{"start":{"line":162,"column":6},"end":{"line":166,"column":7}},{"start":{},"end":{}}],"line":162},"8":{"loc":{"start":{"line":162,"column":10},"end":{"line":162,"column":63}},"type":"binary-expr","locations":[{"start":{"line":162,"column":10},"end":{"line":162,"column":34}},{"start":{"line":162,"column":38},"end":{"line":162,"column":63}}],"line":162},"9":{"loc":{"start":{"line":170,"column":6},"end":{"line":180,"column":7}},"type":"if","locations":[{"start":{"line":170,"column":6},"end":{"line":180,"column":7}},{"start":{"line":175,"column":13},"end":{"line":180,"column":7}}],"line":170}},"s":{"0":2,"1":2,"2":2,"3":2,"4":2,"5":2,"6":1,"7":1,"8":1,"9":0,"10":2,"11":2,"12":2,"13":2,"14":1,"15":1,"16":1,"17":0,"18":2,"19":2,"20":2,"21":2,"22":2,"23":2,"24":2,"25":1,"26":1,"27":1,"28":1,"29":1,"30":1,"31":0,"32":0,"33":2,"34":2,"35":2,"36":2,"37":2,"38":2,"39":2,"40":1,"41":1,"42":1,"43":1,"44":1,"45":1,"46":0,"47":0,"48":1,"49":1,"50":1,"51":1,"52":1,"53":0,"54":2,"55":2,"56":2,"57":2,"58":2,"59":0,"60":1,"61":1,"62":1,"63":1,"64":1,"65":0,"66":2,"67":2,"68":2,"69":2,"70":0,"71":5,"72":5,"73":5,"74":5,"75":1,"76":4,"77":4,"78":0,"79":3,"80":3,"81":3,"82":3,"83":1,"84":2,"85":2,"86":1,"87":1,"88":0,"89":1,"90":1,"91":1,"92":1,"93":0,"94":1,"95":1,"96":1,"97":1,"98":0,"99":1,"100":1,"101":1,"102":1,"103":0,"104":2},"f":{"0":2,"1":2,"2":2,"3":2,"4":1,"5":2,"6":1,"7":2,"8":5,"9":3,"10":1,"11":1,"12":1},"b":{"0":[1,1],"1":[2,1],"2":[1,1],"3":[1,1],"4":[1,1],"5":[1,4],"6":[5,4,4],"7":[1,2],"8":[3,2],"9":[1,1]},"_coverageSchema":"1a1c01bbd47fc00a2c39e90264f33305004495a9","hash":"ddfcf897e0eab3508a9018f989f92b769ba3d467"}
,"C:\\Users\\yoayo\\Documents\\AMQuizz\\ProjetYnov\\amquizbackend\\AMQuizBackEnd\\src\\middlewares\\authMiddleware.js": {"path":"C:\\Users\\yoayo\\Documents\\AMQuizz\\ProjetYnov\\amquizbackend\\AMQuizBackEnd\\src\\middlewares\\authMiddleware.js","statementMap":{"0":{"start":{"line":1,"column":20},"end":{"line":1,"column":54}},"1":{"start":{"line":3,"column":23},"end":{"line":11,"column":1}},"2":{"start":{"line":4,"column":2},"end":{"line":10,"column":3}},"3":{"start":{"line":5,"column":16},"end":{"line":5,"column":61}},"4":{"start":{"line":6,"column":4},"end":{"line":6,"column":18}},"5":{"start":{"line":7,"column":4},"end":{"line":7,"column":11}},"6":{"start":{"line":9,"column":4},"end":{"line":9,"column":51}},"7":{"start":{"line":13,"column":0},"end":{"line":13,"column":32}}},"fnMap":{"0":{"name":"(anonymous_0)","decl":{"start":{"line":3,"column":23},"end":{"line":3,"column":24}},"loc":{"start":{"line":3,"column":49},"end":{"line":11,"column":1}},"line":3}},"branchMap":{},"s":{"0":6,"1":6,"2":114,"3":114,"4":110,"5":110,"6":4,"7":6},"f":{"0":114},"b":{},"_coverageSchema":"1a1c01bbd47fc00a2c39e90264f33305004495a9","hash":"44e389ac386651a930825160ec02e4cf0456faf3"}
,"C:\\Users\\yoayo\\Documents\\AMQuizz\\ProjetYnov\\amquizbackend\\AMQuizBackEnd\\src\\middlewares\\rateLimitMiddleware.js": {"path":"C:\\Users\\yoayo\\Documents\\AMQuizz\\ProjetYnov\\amquizbackend\\AMQuizBackEnd\\src\\middlewares\\rateLimitMiddleware.js","statementMap":{"0":{"start":{"line":1,"column":18},"end":{"line":1,"column":47}},"1":{"start":{"line":4,"column":23},"end":{"line":16,"column":2}},"2":{"start":{"line":14,"column":4},"end":{"line":14,"column":47}},"3":{"start":{"line":19,"column":22},"end":{"line":26,"column":2}},"4":{"start":{"line":29,"column":20},"end":{"line":36,"column":2}},"5":{"start":{"line":38,"column":0},"end":{"line":42,"column":2}}},"fnMap":{"0":{"name":"(anonymous_0)","decl":{"start":{"line":12,"column":8},"end":{"line":12,"column":9}},"loc":{"start":{"line":12,"column":17},"end":{"line":15,"column":3}},"line":12}},"branchMap":{},"s":{"0":0,"1":0,"2":0,"3":0,"4":0,"5":0},"f":{"0":0},"b":{}}
[...]
ymous_3)","decl":{"start":{"line":26,"column":29},"end":{"line":26,"column":30}},"loc":{"start":{"line":26,"column":41},"end":{"line":40,"column":5}},"line":26},"4":{"name":"(anonymous_4)","decl":{"start":{"line":43,"column":2},"end":{"line":43,"column":3}},"loc":{"start":{"line":43,"column":31},"end":{"line":56,"column":3}},"line":43},"5":{"name":"(anonymous_5)","decl":{"start":{"line":44,"column":30},"end":{"line":44,"column":31}},"loc":{"start":{"line":44,"column":39},"end":{"line":55,"column":5}},"line":44},"6":{"name":"(anonymous_6)","decl":{"start":{"line":46,"column":59},"end":{"line":46,"column":60}},"loc":{"start":{"line":46,"column":66},"end":{"line":51,"column":7}},"line":46},"7":{"name":"(anonymous_7)","decl":{"start":{"line":58,"column":2},"end":{"line":58,"column":3}},"loc":{"start":{"line":58,"column":30},"end":{"line":93,"column":3}},"line":58},"8":{"name":"(anonymous_8)","decl":{"start":{"line":59,"column":28},"end":{"line":59,"column":29}},"loc":{"start":{"line":59,"column":34},"end":{"line":88,"column":5}},"line":59},"9":{"name":"(anonymous_9)","decl":{"start":{"line":63,"column":38},"end":{"line":63,"column":39}},"loc":{"start":{"line":63,"column":50},"end":{"line":87,"column":7}},"line":63},"10":{"name":"(anonymous_10)","decl":{"start":{"line":67,"column":12},"end":{"line":67,"column":13}},"loc":{"start":{"line":67,"column":24},"end":{"line":67,"column":47}},"line":67},"11":{"name":"(anonymous_11)","decl":{"start":{"line":90,"column":27},"end":{"line":90,"column":28}},"loc":{"start":{"line":90,"column":33},"end":{"line":92,"column":5}},"line":90},"12":{"name":"(anonymous_12)","decl":{"start":{"line":95,"column":2},"end":{"line":95,"column":3}},"loc":{"start":{"line":95,"column":26},"end":{"line":116,"column":3}},"line":95},"13":{"name":"(anonymous_13)","decl":{"start":{"line":96,"column":36},"end":{"line":96,"column":37}},"loc":{"start":{"line":96,"column":48},"end":{"line":115,"column":5}},"line":96},"14":{"name":"(anonymous_14)","decl":{"start":{"line":100,"column":10},"end":{"line":100,"column":11}},"loc":{"start":{"line":100,"column":22},"end":{"line":100,"column":45}},"line":100},"15":{"name":"(anonymous_15)","decl":{"start":{"line":119,"column":2},"end":{"line":119,"column":3}},"loc":{"start":{"line":119,"column":22},"end":{"line":121,"column":3}},"line":119},"16":{"name":"(anonymous_16)","decl":{"start":{"line":123,"column":2},"end":{"line":123,"column":3}},"loc":{"start":{"line":123,"column":31},"end":{"line":126,"column":3}},"line":123},"17":{"name":"(anonymous_17)","decl":{"start":{"line":128,"column":2},"end":{"line":128,"column":3}},"loc":{"start":{"line":128,"column":21},"end":{"line":130,"column":3}},"line":128},"18":{"name":"(anonymous_18)","decl":{"start":{"line":132,"column":2},"end":{"line":132,"column":3}},"loc":{"start":{"line":132,"column":22},"end":{"line":136,"column":3}},"line":132},"19":{"name":"(anonymous_19)","decl":{"start":{"line":134,"column":6},"end":{"line":134,"column":7}},"loc":{"start":{"line":134,"column":18},"end":{"line":134,"column":40}},"line":134},"20":{"name":"(anonymous_20)","decl":{"start":{"line":138,"column":2},"end":{"line":138,"column":3}},"loc":{"start":{"line":138,"column":34},"end":{"line":140,"column":3}},"line":138},"21":{"name":"(anonymous_21)","decl":{"start":{"line":142,"column":2},"end":{"line":142,"column":3}},"loc":{"start":{"line":142,"column":31},"end":{"line":147,"column":3}},"line":142},"22":{"name":"(anonymous_22)","decl":{"start":{"line":149,"column":2},"end":{"line":149,"column":3}},"loc":{"start":{"line":149,"column":10},"end":{"line":151,"column":3}},"line":149},"23":{"name":"(anonymous_23)","decl":{"start":{"line":153,"column":2},"end":{"line":153,"column":3}},"loc":{"start":{"line":153,"column":13},"end":{"line":155,"column":3}},"line":153}},"branchMap":{"0":{"loc":{"start":{"line":47,"column":8},"end":{"line":50,"column":9}},"type":"if","locations":[{"start":{"line":47,"column":8},"end":{"line":50,"column":9}},{"start":{},"end":{}}],"line":47},"1":{"loc":{"start":{"line":47,"column":12},"end":{"line":47,"column":51}},"type":"binary-expr","locations":[{"start":{"line":47,"column":12},"end":{"line":47,"column":29}},{"start":{"line":47,"column":33},"end":{"line":47,"column":51}}],"line":47},"2":{"loc":{"start":{"line":65,"column":8},"end":{"line":86,"column":9}},"type":"if","locations":[{"start":{"line":65,"column":8},"end":{"line":86,"column":9}},{"start":{},"end":{}}],"line":65},"3":{"loc":{"start":{"line":65,"column":12},"end":{"line":65,"column":32}},"type":"binary-expr","locations":[{"start":{"line":65,"column":12},"end":{"line":65,"column":16}},{"start":{"line":65,"column":20},"end":{"line":65,"column":32}}],"line":65},"4":{"loc":{"start":{"line":70,"column":10},"end":{"line":85,"column":11}},"type":"if","locations":[{"start":{"line":70,"column":10},"end":{"line":85,"column":11}},{"start":{},"end":{}}],"line":70},"5":{"loc":{"start":{"line":75,"column":12},"end":{"line":84,"column":13}},"type":"if","locations":[{"start":{"line":75,"column":12},"end":{"line":84,"column":13}},{"start":{"line":78,"column":19},"end":{"line":84,"column":13}}],"line":75},"6":{"loc":{"start":{"line":78,"column":19},"end":{"line":84,"column":13}},"type":"if","locations":[{"start":{"line":78,"column":19},"end":{"line":84,"column":13}},{"start":{},"end":{}}],"line":78},"7":{"loc":{"start":{"line":98,"column":6},"end":{"line":114,"column":7}},"type":"if","locations":[{"start":{"line":98,"column":6},"end":{"line":114,"column":7}},{"start":{},"end":{}}],"line":98},"8":{"loc":{"start":{"line":98,"column":10},"end":{"line":98,"column":30}},"type":"binary-expr","locations":[{"start":{"line":98,"column":10},"end":{"line":98,"column":14}},{"start":{"line":98,"column":18},"end":{"line":98,"column":30}}],"line":98},"9":{"loc":{"start":{"line":103,"column":8},"end":{"line":113,"column":9}},"type":"if","locations":[{"start":{"line":103,"column":8},"end":{"line":113,"column":9}},{"start":{},"end":{}}],"line":103},"10":{"loc":{"start":{"line":107,"column":10},"end":{"line":112,"column":11}},"type":"if","locations":[{"start":{"line":107,"column":10},"end":{"line":112,"column":11}},{"start":{"line":110,"column":17},"end":{"line":112,"column":11}}],"line":107},"11":{"loc":{"start":{"line":144,"column":4},"end":{"line":146,"column":5}},"type":"if","locations":[{"start":{"line":144,"column":4},"end":{"line":146,"column":5}},{"start":{},"end":{}}],"line":144}},"s":{"0":1,"1":1,"2":1,"3":1,"4":1,"5":0,"6":0,"7":0,"8":0,"9":0,"10":0,"11":0,"12":0,"13":0,"14":1,"15":1,"16":1,"17":1,"18":1,"19":1,"20":1,"21":0,"22":0,"23":0,"24":0,"25":0,"26":0,"27":0,"28":0,"29":0,"30":0,"31":0,"32":0,"33":0,"34":0,"35":0,"36":0,"37":0,"38":0,"39":0,"40":0,"41":1,"42":1,"43":1,"44":1,"45":1,"46":1,"47":1,"48":1,"49":1,"50":1,"51":1,"52":0,"53":2,"54":1,"55":1,"56":1,"57":1,"58":1,"59":1,"60":1,"61":1,"62":1,"63":0,"64":0,"65":1},"f":{"0":1,"1":0,"2":0,"3":0,"4":1,"5":1,"6":1,"7":0,"8":0,"9":0,"10":0,"11":0,"12":1,"13":1,"14":1,"15":2,"16":1,"17":1,"18":1,"19":1,"20":1,"21":1,"22":0,"23":0},"b":{"0":[1,0],"1":[1,1],"2":[0,0],"3":[0,0],"4":[0,0],"5":[0,0],"6":[0,0],"7":[1,0],"8":[1,1],"9":[1,0],"10":[1,0],"11":[1,0]},"_coverageSchema":"1a1c01bbd47fc00a2c39e90264f33305004495a9","hash":"66e4a9396439f383d958a5e644e9819e80e8afda"}
,"C:\\Users\\yoayo\\Documents\\AMQuizz\\ProjetYnov\\amquizbackend\\AMQuizBackEnd\\src\\utils\\constants.js": {"path":"C:\\Users\\yoayo\\Documents\\AMQuizz\\ProjetYnov\\amquizbackend\\AMQuizBackEnd\\src\\utils\\constants.js","statementMap":{"0":{"start":{"line":3,"column":25},"end":{"line":8,"column":1}},"1":{"start":{"line":10,"column":20},"end":{"line":23,"column":1}},"2":{"start":{"line":25,"column":28},"end":{"line":29,"column":1}},"3":{"start":{"line":31,"column":20},"end":{"line":42,"column":1}},"4":{"start":{"line":44,"column":25},"end":{"line":159,"column":1}},"5":{"start":{"line":161,"column":0},"end":{"line":167,"column":2}}},"fnMap":{},"branchMap":{},"s":{"0":29,"1":29,"2":29,"3":29,"4":29,"5":29},"f":{},"b":{},"_coverageSchema":"1a1c01bbd47fc00a2c39e90264f33305004495a9","hash":"638d5993106c61e45142ef427d86850cb4b8aa7e"}
,"C:\\Users\\yoayo\\Documents\\AMQuizz\\ProjetYnov\\amquizbackend\\AMQuizBackEnd\\src\\utils\\helpers.js": {"path":"C:\\Users\\yoayo\\Documents\\AMQuizz\\ProjetYnov\\amquizbackend\\AMQuizBackEnd\\src\\utils\\helpers.js","statementMap":{"0":{"start":{"line":2,"column":21},"end":{"line":2,"column":45}},"1":{"start":{"line":4,"column":22},"end":{"line":9,"column":1}},"2":{"start":{"line":5,"column":2},"end":{"line":8,"column":5}},"3":{"start":{"line":11,"column":20},"end":{"line":28,"column":1}},"4":{"start":{"line":12,"column":2},"end":{"line":12,"column":35}},"5":{"start":{"line":12,"column":22},"end":{"line":12,"column":35}},"6":{"start":{"line":14,"column":19},"end":{"line":14,"column":36}},"7":{"start":{"line":15,"column":19},"end":{"line":15,"column":36}},"8":{"start":{"line":17,"column":2},"end":{"line":19,"column":3}},"9":{"start":{"line":18,"column":4},"end":{"line":18,"column":17}},"10":{"start":{"line":21,"column":2},"end":{"line":25,"column":3}},"11":{"start":{"line":22,"column":4},"end":{"line":24,"column":5}},"12":{"start":{"line":23,"column":6},"end":{"line":23,"column":19}},"13":{"start":{"line":27,"column":2},"end":{"line":27,"column":14}},"14":{"start":{"line":30,"column":23},"end":{"line":32,"column":1}},"15":{"start":{"line":31,"column":2},"end":{"line":31,"column":30}},"16":{"start":{"line":34,"column":21},"end":{"line":41,"column":1}},"17":{"start":{"line":35,"column":19},"end":{"line":35,"column":29}},"18":{"start":{"line":36,"column":2},"end":{"line":39,"column":3}},"19":{"start":{"line":36,"column":15},"end":{"line":36,"column":34}},"20":{"start":{"line":37,"column":14},"end":{"line":37,"column":49}},"21":{"start":{"line":38,"column":4},"end":{"line":38,"column":60}},"22":{"start":{"line":40,"column":2},"end":{"line":40,"column":18}},"23":{"start":{"line":43,"column":22},"end":{"line":46,"column":1}},"24":{"start":{"line":44,"column":2},"end":{"line":44,"column":48}},"25":{"start":{"line":44,"column":36},"end":{"line":44,"column":48}},"26":{"start":{"line":45,"column":2},"end":{"line":45,"column":57}},"27":{"start":{"line":48,"column":27},"end":{"line":56,"column":1}},"28":{"start":{"line":49,"column":26},"end":{"line":49,"column":48}},"29":{"start":{"line":51,"column":2},"end":{"line":53,"column":3}},"30":{"start":{"line":52,"column":4},"end":{"line":52,"column":13}},"31":{"start":{"line":55,"column":2},"end":{"line":55,"column":44}},"32":{"start":{"line":58,"column":24},"end":{"line":66,"column":1}},"33":{"start":{"line":59,"column":2},"end":{"line":65,"column":3}},"34":{"start":{"line":60,"column":4},"end":{"line":60,"column":20}},"35":{"start":{"line":61,"column":9},"end":{"line":65,"column":3}},"36":{"start":{"line":62,"column":4},"end":{"line":62,"column":18}},"37":{"start":{"line":64,"column":4},"end":{"line":64,"column":24}},"38":{"start":{"line":68,"column":0},"end":{"line":76,"column":2}}},"fnMap":{"0":{"name":"(anonymous_0)","decl":{"start":{"line":4,"column":22},"end":{"line":4,"column":23}},"loc":{"start":{"line":4,"column":33},"end":{"line":9,"column":1}},"line":4},"1":{"name":"(anonymous_1)","decl":{"start":{"line":11,"column":20},"end":{"line":11,"column":21}},"loc":{"start":{"line":11,"column":36},"end":{"line":28,"column":1}},"line":11},"2":{"name":"(anonymous_2)","decl":{"start":{"line":30,"column":23},"end":{"line":30,"column":24}},"loc":{"start":{"line":30,"column":29},"end":{"line":32,"column":1}},"line":30},"3":{"name":"(anonymous_3)","decl":{"start":{"line":34,"column":21},"end":{"line":34,"column":22}},"loc":{"start":{"line":34,"column":32},"end":{"line":41,"column":1}},"line":34},"4":{"name":"(anonymous_4)","decl":{"start":{"line":43,"column":22},"end":{"line":43,"column":23}},"loc":{"start":{"line":43,"column":33},"end":{"line":46,"column":1}},"line":43},"5":{"name":"(anonymous_5)","decl":{"start":{"line":48,"column":27},"end":{"line":48,"column":28}},"loc":{"start":{"line":48,"column":47},"end":{"line":56,"column":1}},"line":48},"6":{"name":"(anonymous_6)","decl":{"start":{"line":58,"column":24},"end":{"line":58,"column":25}},"loc":{"start":{"line":58,"column":49},"end":{"line":66,"column":1}},"line":58}},"branchMap":{"0":{"loc":{"start":{"line":12,"column":2},"end":{"line":12,"column":35}},"type":"if","locations":[{"start":{"line":12,"column":2},"end":{"line":12,"column":35}},{"start":{},"end":{}}],"line":12},"1":{"loc":{"start":{"line":12,"column":6},"end":{"line":12,"column":20}},"type":"binary-expr","locations":[{"start":{"line":12,"column":6},"end":{"line":12,"column":11}},{"start":{"line":12,"column":15},"end":{"line":12,"column":20}}],"line":12},"2":{"loc":{"start":{"line":17,"column":2},"end":{"line":19,"column":3}},"type":"if","locations":[{"start":{"line":17,"column":2},"end":{"line":19,"column":3}},{"start":{},"end":{}}],"line":17},"3":{"loc":{"start":{"line":22,"column":4},"end":{"line":24,"column":5}},"type":"if","locations":[{"start":{"line":22,"column":4},"end":{"line":24,"column":5}},{"start":{},"end":{}}],"line":22},"4":{"loc":{"start":{"line":44,"column":2},"end":{"line":44,"column":48}},"type":"if","locations":[{"start":{"line":44,"column":2},"end":{"line":44,"column":48}},{"start":{},"end":{}}],"line":44},"5":{"loc":{"start":{"line":44,"column":6},"end":{"line":44,"column":34}},"type":"binary-expr","locations":[{"start":{"line":44,"column":6},"end":{"line":44,"column":12}},{"start":{"line":44,"column":16},"end":{"line":44,"column":34}}],"line":44},"6":{"loc":{"start":{"line":51,"column":2},"end":{"line":53,"column":3}},"type":"if","locations":[{"start":{"line":51,"column":2},"end":{"line":53,"column":3}},{"start":{},"end":{}}],"line":51},"7":{"loc":{"start":{"line":51,"column":6},"end":{"line":51,"column":67}},"type":"binary-expr","locations":[{"start":{"line":51,"column":6},"end":{"line":51,"column":28}},{"start":{"line":51,"column":32},"end":{"line":51,"column":67}}],"line":51},"8":{"loc":{"start":{"line":59,"column":2},"end":{"line":65,"column":3}},"type":"if","locations":[{"start":{"line":59,"column":2},"end":{"line":65,"column":3}},{"start":{"line":61,"column":9},"end":{"line":65,"column":3}}],"line":59},"9":{"loc":{"start":{"line":61,"column":9},"end":{"line":65,"column":3}},"type":"if","locations":[{"start":{"line":61,"column":9},"end":{"line":65,"column":3}},{"start":{"line":63,"column":9},"end":{"line":65,"column":3}}],"line":61}},"s":{"0":13,"1":13,"2":0,"3":13,"4":0,"5":0,"6":0,"7":0,"8":0,"9":0,"10":0,"11":0,"12":0,"13":0,"14":13,"15":0,"16":13,"17":0,"18":0,"19":0,"20":0,"21":0,"22":0,"23":13,"24":0,"25":0,"26":0,"27":13,"28":0,"29":0,"30":0,"31":0,"32":13,"33":0,"34":0,"35":0,"36":0,"37":0,"38":13},"f":{"0":0,"1":0,"2":0,"3":0,"4":0,"5":0,"6":0},"b":{"0":[0,0],"1":[0,0],"2":[0,0],"3":[0,0],"4":[0,0],"5":[0,0],"6":[0,0],"7":[0,0],"8":[0,0],"9":[0,0]},"_coverageSchema":"1a1c01bbd47fc00a2c39e90264f33305004495a9","hash":"0ff1a1b052eccbe937e5ee95b1da25ceae400d9c"}
,"C:\\Users\\yoayo\\Documents\\AMQuizz\\ProjetYnov\\amquizbackend\\AMQuizBackEnd\\src\\utils\\validators.js": {"path":"C:\\Users\\yoayo\\Documents\\AMQuizz\\ProjetYnov\\amquizbackend\\AMQuizBackEnd\\src\\utils\\validators.js","statementMap":{"0":{"start":{"line":3,"column":23},"end":{"line":18,"column":1}},"1":{"start":{"line":4,"column":2},"end":{"line":6,"column":3}},"2":{"start":{"line":5,"column":4},"end":{"line":5,"column":61}},"3":{"start":{"line":8,"column":2},"end":{"line":10,"column":3}},"4":{"start":{"line":9,"column":4},"end":{"line":9,"column":90}},"5":{"start":{"line":12,"column":24},"end":{"line":12,"column":41}},"6":{"start":{"line":13,"column":2},"end":{"line":15,"column":3}},"7":{"start":{"line":14,"column":4},"end":{"line":14,"column":96}},"8":{"start":{"line":17,"column":2},"end":{"line":17,"column":27}},"9":{"start":{"line":20,"column":26},"end":{"line":26,"column":1}},"10":{"start":{"line":21,"column":2},"end":{"line":23,"column":3}},"11":{"start":{"line":22,"column":4},"end":{"line":22,"column":89}},"12":{"start":{"line":25,"column":2},"end":{"line":25,"column":27}},"13":{"start":{"line":28,"column":22},"end":{"line":34,"column":1}},"14":{"start":{"line":29,"column":2},"end":{"line":31,"column":3}},"15":{"start":{"line":30,"column":4},"end":{"line":30,"column":84}},"16":{"start":{"line":33,"column":2},"end":{"line":33,"column":27}},"17":{"start":{"line":36,"column":22},"end":{"line":43,"column":1}},"18":{"start":{"line":37,"column":23},"end":{"line":37,"column":51}},"19":{"start":{"line":38,"column":2},"end":{"line":40,"column":3}},"20":{"start":{"line":39,"column":4},"end":{"line":39,"column":65}},"21":{"start":{"line":42,"column":2},"end":{"line":42,"column":27}},"22":{"start":{"line":45,"column":25},"end":{"line":51,"column":1}},"23":{"start":{"line":46,"column":2},"end":{"line":48,"column":3}},"24":{"start":{"line":47,"column":4},"end":{"line":47,"column":92}},"25":{"start":{"line":50,"column":2},"end":{"line":50,"column":27}},"26":{"start":{"line":53,"column":0},"end":{"line":59,"column":2}}},"fnMap":{"0":{"name":"(anonymous_0)","decl":{"start":{"line":3,"column":23},"end":{"line":3,"column":24}},"loc":{"start":{"line":3,"column":35},"end":{"line":18,"column":1}},"line":3},"1":{"name":"(anonymous_1)","decl":{"start":{"line":20,"column":26},"end":{"line":20,"column":27}},"loc":{"start":{"line":20,"column":42},"end":{"line":26,"column":1}},"line":20},"2":{"name":"(anonymous_2)","decl":{"start":{"line":28,"column":22},"end":{"line":28,"column":23}},"loc":{"start":{"line":28,"column":33},"end":{"line":34,"column":1}},"line":28},"3":{"name":"(anonymous_3)","decl":{"start":{"line":36,"column":22},"end":{"line":36,"column":23}},"loc":{"start":{"line":36,"column":33},"end":{"line":43,"column":1}},"line":36},"4":{"name":"(anonymous_4)","decl":{"start":{"line":45,"column":25},"end":{"line":45,"column":26}},"loc":{"start":{"line":45,"column":39},"end":{"line":51,"column":1}},"line":45}},"branchMap":{"0":{"loc":{"start":{"line":4,"column":2},"end":{"line":6,"column":3}},"type":"if","locations":[{"start":{"line":4,"column":2},"end":{"line":6,"column":3}},{"start":{},"end":{}}],"line":4},"1":{"loc":{"start":{"line":8,"column":2},"end":{"line":10,"column":3}},"type":"if","locations":[{"start":{"line":8,"column":2},"end":{"line":10,"column":3}},{"start":{},"end":{}}],"line":8},"2":{"loc":{"start":{"line":13,"column":2},"end":{"line":15,"column":3}},"type":"if","locations":[{"start":{"line":13,"column":2},"end":{"line":15,"column":3}},{"start":{},"end":{}}],"line":13},"3":{"loc":{"start":{"line":21,"column":2},"end":{"line":23,"column":3}},"type":"if","locations":[{"start":{"line":21,"column":2},"end":{"line":23,"column":3}},{"start":{},"end":{}}],"line":21},"4":{"loc":{"start":{"line":29,"column":2},"end":{"line":31,"column":3}},"type":"if","locations":[{"start":{"line":29,"column":2},"end":{"line":31,"column":3}},{"start":{},"end":{}}],"line":29},"5":{"loc":{"start":{"line":38,"column":2},"end":{"line":40,"column":3}},"type":"if","locations":[{"start":{"line":38,"column":2},"end":{"line":40,"column":3}},{"start":{},"end":{}}],"line":38},"6":{"loc":{"start":{"line":46,"column":2},"end":{"line":48,"column":3}},"type":"if","locations":[{"start":{"line":46,"column":2},"end":{"line":48,"column":3}},{"start":{},"end":{}}],"line":46},"7":{"loc":{"start":{"line":46,"column":6},"end":{"line":46,"column":38}},"type":"binary-expr","locations":[{"start":{"line":46,"column":6},"end":{"line":46,"column":15}},{"start":{"line":46,"column":19},"end":{"line":46,"column":38}}],"line":46}},"s":{"0":10,"1":0,"2":0,"3":0,"4":0,"5":0,"6":0,"7":0,"8":0,"9":10,"10":0,"11":0,"12":0,"13":10,"14":0,"15":0,"16":0,"17":10,"18":0,"19":0,"20":0,"21":0,"22":10,"23":0,"24":0,"25":0,"26":10},"f":{"0":0,"1":0,"2":0,"3":0,"4":0},"b":{"0":[0,0],"1":[0,0],"2":[0,0],"3":[0,0],"4":[0,0],"5":[0,0],"6":[0,0],"7":[0,0]},"_coverageSchema":"1a1c01bbd47fc00a2c39e90264f33305004495a9","hash":"4ebdc5b56811b528f619f7d5305d56d7943d72e3"}
}
