TN:
SF:src\app.js
FN:28,(anonymous_0)
FN:38,(anonymous_1)
FN:88,(anonymous_2)
FN:142,(anonymous_3)
FN:147,(anonymous_4)
FN:152,(anonymous_5)
FN:158,(anonymous_6)
FN:163,(anonymous_7)
FN:168,(anonymous_8)
FN:197,(anonymous_9)
FN:207,(anonymous_10)
FN:221,(anonymous_11)
FNF:12
FNH:0
FNDA:0,(anonymous_0)
FNDA:0,(anonymous_1)
FNDA:0,(anonymous_2)
FNDA:0,(anonymous_3)
FNDA:0,(anonymous_4)
FNDA:0,(anonymous_5)
FNDA:0,(anonymous_6)
FNDA:0,(anonymous_7)
FNDA:0,(anonymous_8)
FNDA:0,(anonymous_9)
FNDA:0,(anonymous_10)
FNDA:0,(anonymous_11)
DA:2,0
DA:3,0
DA:4,0
DA:5,0
DA:8,0
DA:11,0
DA:12,0
DA:13,0
DA:16,0
DA:25,0
DA:28,0
DA:29,0
DA:38,0
DA:39,0
DA:57,0
DA:61,0
DA:64,0
DA:67,0
DA:70,0
DA:73,0
DA:76,0
DA:79,0
DA:82,0
DA:88,0
DA:89,0
DA:91,0
DA:92,0
DA:95,0
DA:96,0
DA:99,0
DA:100,0
DA:101,0
DA:102,0
DA:106,0
DA:107,0
DA:109,0
DA:110,0
DA:113,0
DA:114,0
DA:119,0
DA:120,0
DA:122,0
DA:123,0
DA:124,0
DA:125,0
DA:126,0
DA:127,0
DA:128,0
DA:129,0
DA:132,0
DA:134,0
DA:135,0
DA:136,0
DA:137,0
DA:138,0
DA:139,0
DA:142,0
DA:143,0
DA:144,0
DA:147,0
DA:148,0
DA:149,0
DA:152,0
DA:153,0
DA:154,0
DA:158,0
DA:159,0
DA:160,0
DA:163,0
DA:164,0
DA:165,0
DA:168,0
DA:169,0
DA:170,0
DA:174,0
DA:176,0
DA:177,0
DA:178,0
DA:179,0
DA:182,0
DA:184,0
DA:185,0
DA:186,0
DA:187,0
DA:188,0
DA:191,0
DA:193,0
DA:197,0
DA:198,0
DA:207,0
DA:208,0
DA:210,0
DA:220,0
DA:221,0
LF:94
LH:0
BRDA:33,0,0,0
BRDA:33,0,1,0
BRDA:34,1,0,0
BRDA:34,1,1,0
BRDA:100,2,0,0
BRDA:100,2,1,0
BRDA:210,3,0,0
BRDA:210,3,1,0
BRDA:211,4,0,0
BRDA:211,4,1,0
BRF:10
BRH:0
end_of_record
TN:
SF:src\config\firebase.js
FN:5,(anonymous_0)
FN:15,(anonymous_1)
FN:19,(anonymous_2)
FN:23,(anonymous_3)
FN:27,(anonymous_4)
FNF:5
FNH:2
FNDA:28,(anonymous_0)
FNDA:45,(anonymous_1)
FNDA:0,(anonymous_2)
FNDA:0,(anonymous_3)
FNDA:0,(anonymous_4)
DA:1,28
DA:2,28
DA:6,28
DA:7,28
DA:11,28
DA:12,28
DA:16,45
DA:20,0
DA:24,0
DA:28,0
DA:32,28
LF:11
LH:8
BRDA:6,0,0,28
BRDA:6,0,1,0
BRF:2
BRH:1
end_of_record
TN:
SF:src\controllers\authController.js
FN:6,(anonymous_0)
FN:27,(anonymous_1)
FN:55,(anonymous_2)
FN:74,(anonymous_3)
FNF:4
FNH:4
FNDA:3,(anonymous_0)
FNDA:4,(anonymous_1)
FNDA:3,(anonymous_2)
FNDA:6,(anonymous_3)
DA:1,2
DA:2,2
DA:3,2
DA:7,3
DA:8,3
DA:10,3
DA:11,1
DA:16,2
DA:18,1
DA:23,1
DA:28,4
DA:29,4
DA:30,3
DA:32,3
DA:34,3
DA:36,1
DA:40,2
DA:41,2
DA:42,1
DA:46,1
DA:48,1
DA:50,1
DA:51,1
DA:56,3
DA:57,3
DA:59,3
DA:60,1
DA:63,2
DA:65,1
DA:70,1
DA:75,6
DA:76,6
DA:78,2
DA:83,4
DA:88,2
LF:35
LH:35
BRDA:10,0,0,1
BRDA:10,0,1,2
BRDA:10,1,0,3
BRDA:10,1,1,3
BRDA:10,1,2,2
BRDA:34,2,0,1
BRDA:34,2,1,2
BRDA:41,3,0,1
BRDA:41,3,1,1
BRDA:59,4,0,1
BRDA:59,4,1,2
BRF:11
BRH:11
end_of_record
TN:
SF:src\controllers\friendController.js
FN:5,(anonymous_0)
FN:21,(anonymous_1)
FN:37,(anonymous_2)
FN:53,(anonymous_3)
FN:71,(anonymous_4)
FN:87,(anonymous_5)
FN:103,(anonymous_6)
FN:114,(anonymous_7)
FNF:8
FNH:8
FNDA:3,(anonymous_0)
FNDA:3,(anonymous_1)
FNDA:3,(anonymous_2)
FNDA:3,(anonymous_3)
FNDA:3,(anonymous_4)
FNDA:3,(anonymous_5)
FNDA:4,(anonymous_6)
FNDA:4,(anonymous_7)
DA:1,2
DA:2,2
DA:6,3
DA:7,3
DA:8,3
DA:10,3
DA:11,1
DA:14,2
DA:15,1
DA:17,1
DA:22,3
DA:23,3
DA:24,3
DA:26,3
DA:27,1
DA:30,2
DA:31,1
DA:33,1
DA:38,3
DA:39,3
DA:40,3
DA:42,3
DA:43,1
DA:46,2
DA:47,1
DA:49,1
DA:54,3
DA:55,3
DA:56,3
DA:58,3
DA:59,1
DA:64,2
DA:65,1
DA:67,1
DA:72,3
DA:73,3
DA:74,3
DA:76,3
DA:77,1
DA:80,2
DA:81,1
DA:83,1
DA:88,3
DA:89,3
DA:90,3
DA:92,3
DA:93,1
DA:96,2
DA:97,1
DA:99,1
DA:104,4
DA:105,4
DA:107,4
DA:108,2
DA:110,2
DA:115,4
DA:116,4
DA:118,4
DA:119,2
DA:121,2
DA:126,2
LF:61
LH:61
BRDA:10,0,0,1
BRDA:10,0,1,2
BRDA:26,1,0,1
BRDA:26,1,1,2
BRDA:42,2,0,1
BRDA:42,2,1,2
BRDA:58,3,0,1
BRDA:58,3,1,2
BRDA:58,4,0,3
BRDA:58,4,1,2
BRDA:76,5,0,1
BRDA:76,5,1,2
BRDA:76,6,0,3
BRDA:76,6,1,2
BRDA:92,7,0,1
BRDA:92,7,1,2
BRF:16
BRH:16
end_of_record
TN:
SF:src\controllers\missionController.js
FN:5,(anonymous_0)
FN:16,(anonymous_1)
FN:36,(anonymous_2)
FN:48,(anonymous_3)
FN:60,(anonymous_4)
FN:76,(anonymous_5)
FN:87,(anonymous_6)
FN:103,(anonymous_7)
FN:114,(anonymous_8)
FN:125,(anonymous_9)
FN:152,(anonymous_10)
FN:171,(anonymous_11)
FN:186,(anonymous_12)
FN:201,(anonymous_13)
FN:216,(anonymous_14)
FN:231,(anonymous_15)
FN:246,(anonymous_16)
FN:263,(anonymous_17)
FN:278,(anonymous_18)
FN:297,(anonymous_19)
FN:318,(anonymous_20)
FNF:21
FNH:10
FNDA:5,(anonymous_0)
FNDA:0,(anonymous_1)
FNDA:0,(anonymous_2)
FNDA:0,(anonymous_3)
FNDA:4,(anonymous_4)
FNDA:1,(anonymous_5)
FNDA:2,(anonymous_6)
FNDA:1,(anonymous_7)
FNDA:1,(anonymous_8)
FNDA:3,(anonymous_9)
FNDA:0,(anonymous_10)
FNDA:0,(anonymous_11)
FNDA:0,(anonymous_12)
FNDA:0,(anonymous_13)
FNDA:0,(anonymous_14)
FNDA:0,(anonymous_15)
FNDA:0,(anonymous_16)
FNDA:0,(anonymous_17)
FNDA:2,(anonymous_18)
FNDA:2,(anonymous_19)
FNDA:2,(anonymous_20)
DA:1,2
DA:2,2
DA:6,5
DA:7,5
DA:9,5
DA:10,3
DA:12,2
DA:17,0
DA:18,0
DA:20,0
DA:22,0
DA:24,0
DA:25,0
DA:31,0
DA:32,0
DA:37,0
DA:38,0
DA:40,0
DA:41,0
DA:44,0
DA:49,0
DA:50,0
DA:52,0
DA:53,0
DA:56,0
DA:61,4
DA:62,4
DA:63,4
DA:65,4
DA:66,1
DA:69,3
DA:70,2
DA:72,1
DA:77,1
DA:78,1
DA:80,1
DA:81,1
DA:83,0
DA:88,2
DA:89,2
DA:90,2
DA:92,2
DA:93,1
DA:96,1
DA:97,1
DA:99,0
DA:104,1
DA:105,1
DA:107,1
DA:108,1
DA:110,0
DA:115,1
DA:116,1
DA:118,1
DA:119,1
DA:121,0
DA:126,3
DA:127,3
DA:128,3
DA:130,3
DA:131,1
DA:134,2
DA:136,2
DA:137,1
DA:142,1
DA:148,0
DA:153,0
DA:154,0
DA:155,0
DA:157,0
DA:158,0
DA:161,0
DA:162,0
DA:164,0
DA:172,0
DA:173,0
DA:175,0
DA:176,0
DA:181,0
DA:187,0
DA:188,0
DA:190,0
DA:191,0
DA:196,0
DA:202,0
DA:203,0
DA:205,0
DA:206,0
DA:211,0
DA:217,0
DA:218,0
DA:220,0
DA:221,0
DA:226,0
DA:232,0
DA:233,0
DA:235,0
DA:236,0
DA:241,0
DA:247,0
DA:248,0
DA:249,0
DA:251,0
DA:252,0
DA:258,0
DA:264,0
DA:265,0
DA:267,0
DA:268,0
DA:273,0
DA:279,2
DA:280,2
DA:281,2
DA:283,2
DA:284,1
DA:287,1
DA:288,1
DA:293,0
DA:298,2
DA:299,2
DA:300,2
DA:302,2
DA:303,1
DA:308,1
DA:309,1
DA:314,0
DA:319,2
DA:320,2
DA:321,2
DA:323,2
DA:324,1
DA:329,1
DA:330,1
DA:335,0
DA:341,2
LF:135
LH:65
BRDA:65,0,0,1
BRDA:65,0,1,3
BRDA:92,1,0,1
BRDA:92,1,1,1
BRDA:130,2,0,1
BRDA:130,2,1,2
BRDA:136,3,0,1
BRDA:136,3,1,1
BRDA:157,4,0,0
BRDA:157,4,1,0
BRDA:283,5,0,1
BRDA:283,5,1,1
BRDA:302,6,0,1
BRDA:302,6,1,1
BRDA:302,7,0,2
BRDA:302,7,1,1
BRDA:323,8,0,1
BRDA:323,8,1,1
BRDA:323,9,0,2
BRDA:323,9,1,1
BRF:20
BRH:18
end_of_record
TN:
SF:src\controllers\purchaseController.js
FN:5,(anonymous_0)
FN:29,(anonymous_1)
FNF:2
FNH:2
FNDA:2,(anonymous_0)
FNDA:2,(anonymous_1)
DA:1,1
DA:2,1
DA:6,2
DA:7,2
DA:8,2
DA:10,2
DA:12,2
DA:18,1
DA:24,1
DA:25,1
DA:30,2
DA:31,2
DA:32,2
DA:34,2
DA:36,2
DA:43,1
DA:49,1
DA:50,1
DA:55,1
LF:19
LH:19
BRF:0
BRH:0
end_of_record
TN:
SF:src\controllers\quizController.js
FN:4,(anonymous_0)
FN:27,(anonymous_1)
FN:50,(anonymous_2)
FN:65,(anonymous_3)
FN:74,(anonymous_4)
FN:94,(anonymous_5)
FN:111,(anonymous_6)
FNF:7
FNH:7
FNDA:3,(anonymous_0)
FNDA:3,(anonymous_1)
FNDA:3,(anonymous_2)
FNDA:2,(anonymous_3)
FNDA:3,(anonymous_4)
FNDA:2,(anonymous_5)
FNDA:2,(anonymous_6)
DA:1,1
DA:5,3
DA:6,3
DA:7,3
DA:9,3
DA:10,1
DA:15,2
DA:21,1
DA:23,1
DA:28,3
DA:29,3
DA:30,3
DA:32,3
DA:33,1
DA:38,2
DA:44,1
DA:46,1
DA:51,3
DA:52,3
DA:54,3
DA:55,1
DA:58,2
DA:59,1
DA:61,1
DA:66,2
DA:67,2
DA:68,1
DA:70,1
DA:75,3
DA:76,3
DA:78,3
DA:79,1
DA:84,2
DA:85,1
DA:90,1
DA:95,2
DA:96,2
DA:98,2
DA:99,1
DA:104,1
DA:105,1
DA:107,0
DA:112,2
DA:113,2
DA:115,2
DA:116,1
DA:121,1
DA:122,1
DA:124,1
DA:129,0
DA:134,1
LF:51
LH:49
BRDA:9,0,0,1
BRDA:9,0,1,2
BRDA:9,1,0,3
BRDA:9,1,1,2
BRDA:18,2,0,1
BRDA:18,2,1,1
BRDA:32,3,0,1
BRDA:32,3,1,2
BRDA:32,4,0,3
BRDA:32,4,1,2
BRDA:41,5,0,1
BRDA:41,5,1,1
BRDA:54,6,0,1
BRDA:54,6,1,2
BRDA:78,7,0,1
BRDA:78,7,1,2
BRDA:78,8,0,3
BRDA:78,8,1,2
BRDA:98,9,0,1
BRDA:98,9,1,1
BRDA:98,10,0,2
BRDA:98,10,1,1
BRDA:115,11,0,1
BRDA:115,11,1,1
BRDA:115,12,0,2
BRDA:115,12,1,1
BRF:26
BRH:26
end_of_record
TN:
SF:src\controllers\shopController.js
FN:5,(anonymous_0)
FN:21,(anonymous_1)
FN:30,(anonymous_2)
FN:49,(anonymous_3)
FN:68,(anonymous_4)
FNF:5
FNH:5
FNDA:3,(anonymous_0)
FNDA:4,(anonymous_1)
FNDA:3,(anonymous_2)
FNDA:3,(anonymous_3)
FNDA:3,(anonymous_4)
DA:1,2
DA:2,2
DA:6,3
DA:7,3
DA:8,3
DA:10,3
DA:11,1
DA:14,2
DA:15,1
DA:17,1
DA:22,4
DA:23,4
DA:24,2
DA:26,2
DA:31,3
DA:32,3
DA:33,3
DA:35,3
DA:36,1
DA:39,2
DA:40,1
DA:45,1
DA:50,3
DA:51,3
DA:52,3
DA:54,3
DA:55,1
DA:58,2
DA:59,1
DA:64,1
DA:69,3
DA:70,3
DA:71,3
DA:73,3
DA:74,1
DA:79,2
DA:80,1
DA:85,1
DA:90,2
LF:39
LH:39
BRDA:10,0,0,1
BRDA:10,0,1,2
BRDA:35,1,0,1
BRDA:35,1,1,2
BRDA:54,2,0,1
BRDA:54,2,1,2
BRDA:73,3,0,1
BRDA:73,3,1,2
BRDA:73,4,0,3
BRDA:73,4,1,2
BRF:10
BRH:10
end_of_record
TN:
SF:src\controllers\signalementController.js
FN:5,(anonymous_0)
FN:31,(anonymous_1)
FN:46,(anonymous_2)
FN:56,(anonymous_3)
FN:71,(anonymous_4)
FNF:5
FNH:5
FNDA:3,(anonymous_0)
FNDA:5,(anonymous_1)
FNDA:4,(anonymous_2)
FNDA:5,(anonymous_3)
FNDA:4,(anonymous_4)
DA:1,2
DA:2,2
DA:6,3
DA:7,3
DA:8,3
DA:10,3
DA:11,1
DA:17,2
DA:19,2
DA:25,1
DA:27,1
DA:32,5
DA:33,5
DA:35,5
DA:36,1
DA:39,4
DA:40,2
DA:42,2
DA:47,4
DA:49,4
DA:50,2
DA:52,2
DA:57,5
DA:58,5
DA:60,5
DA:61,1
DA:64,4
DA:65,2
DA:67,2
DA:72,4
DA:73,4
DA:75,4
DA:76,2
DA:78,2
DA:83,2
LF:35
LH:35
BRDA:10,0,0,1
BRDA:10,0,1,2
BRDA:10,1,0,3
BRDA:10,1,1,2
BRDA:35,2,0,1
BRDA:35,2,1,4
BRDA:60,3,0,1
BRDA:60,3,1,4
BRF:8
BRH:8
end_of_record
TN:
SF:src\controllers\userController.js
FN:5,(anonymous_0)
FN:21,(anonymous_1)
FN:37,(anonymous_2)
FN:63,(anonymous_3)
FN:89,(anonymous_4)
FN:101,(anonymous_5)
FN:113,(anonymous_6)
FN:125,(anonymous_7)
FN:136,(anonymous_8)
FN:157,(anonymous_9)
FN:186,(anonymous_10)
FN:200,(anonymous_11)
FN:214,(anonymous_12)
FNF:13
FNH:13
FNDA:2,(anonymous_0)
FNDA:2,(anonymous_1)
FNDA:2,(anonymous_2)
FNDA:2,(anonymous_3)
FNDA:1,(anonymous_4)
FNDA:2,(anonymous_5)
FNDA:1,(anonymous_6)
FNDA:2,(anonymous_7)
FNDA:5,(anonymous_8)
FNDA:3,(anonymous_9)
FNDA:1,(anonymous_10)
FNDA:1,(anonymous_11)
FNDA:1,(anonymous_12)
DA:1,2
DA:2,2
DA:6,2
DA:7,2
DA:8,2
DA:10,2
DA:11,1
DA:14,1
DA:15,1
DA:17,0
DA:22,2
DA:23,2
DA:24,2
DA:26,2
DA:27,1
DA:30,1
DA:31,1
DA:33,0
DA:38,2
DA:39,2
DA:40,2
DA:42,2
DA:43,2
DA:45,2
DA:47,2
DA:48,1
DA:49,1
DA:52,1
DA:53,1
DA:55,1
DA:56,1
DA:58,0
DA:59,0
DA:64,2
DA:65,2
DA:66,2
DA:68,2
DA:69,2
DA:71,2
DA:73,2
DA:74,1
DA:75,1
DA:78,1
DA:79,1
DA:81,1
DA:82,1
DA:84,0
DA:85,0
DA:90,1
DA:91,1
DA:92,1
DA:94,1
DA:95,1
DA:97,0
DA:102,2
DA:103,2
DA:104,2
DA:106,2
DA:107,2
DA:109,0
DA:114,1
DA:115,1
DA:116,1
DA:118,1
DA:119,1
DA:121,0
DA:126,2
DA:127,2
DA:129,2
DA:130,2
DA:132,0
DA:137,5
DA:138,5
DA:139,5
DA:141,5
DA:142,1
DA:147,4
DA:148,4
DA:153,0
DA:158,3
DA:159,3
DA:160,3
DA:162,3
DA:163,1
DA:168,2
DA:170,2
DA:171,1
DA:176,1
DA:182,0
DA:187,1
DA:188,1
DA:190,1
DA:191,1
DA:196,0
DA:201,1
DA:202,1
DA:204,1
DA:205,1
DA:210,0
DA:215,1
DA:216,1
DA:218,1
DA:219,1
DA:224,0
DA:229,2
LF:105
LH:90
BRDA:10,0,0,1
BRDA:10,0,1,1
BRDA:10,1,0,2
BRDA:10,1,1,1
BRDA:26,2,0,1
BRDA:26,2,1,1
BRDA:47,3,0,1
BRDA:47,3,1,1
BRDA:73,4,0,1
BRDA:73,4,1,1
BRDA:141,5,0,1
BRDA:141,5,1,4
BRDA:141,6,0,5
BRDA:141,6,1,4
BRDA:141,6,2,4
BRDA:162,7,0,1
BRDA:162,7,1,2
BRDA:162,8,0,3
BRDA:162,8,1,2
BRDA:170,9,0,1
BRDA:170,9,1,1
BRF:21
BRH:21
end_of_record
TN:
SF:src\middlewares\authMiddleware.js
FN:3,(anonymous_0)
FNF:1
FNH:1
FNDA:114,(anonymous_0)
DA:1,6
DA:3,6
DA:4,114
DA:5,114
DA:6,110
DA:7,110
DA:9,4
DA:13,6
LF:8
LH:8
BRF:0
BRH:0
end_of_record
TN:
SF:src\middlewares\rateLimitMiddleware.js
FN:12,(anonymous_0)
FNF:1
FNH:0
FNDA:0,(anonymous_0)
DA:1,0
DA:4,0
DA:14,0
DA:19,0
DA:29,0
DA:38,0
LF:6
LH:0
BRF:0
BRH:0
end_of_record
TN:
SF:src\middlewares\validationMiddleware.js
FN:4,(anonymous_0)
FN:7,(anonymous_1)
FN:16,(anonymous_2)
FN:27,(anonymous_3)
FN:39,(anonymous_4)
FN:40,(anonymous_5)
FN:43,(anonymous_6)
FN:60,(anonymous_7)
FN:61,(anonymous_8)
FN:64,(anonymous_9)
FNF:10
FNH:9
FNDA:127,(anonymous_0)
FNDA:117,(anonymous_1)
FNDA:0,(anonymous_2)
FNDA:4,(anonymous_3)
FNDA:35,(anonymous_4)
FNDA:106,(anonymous_5)
FNDA:169,(anonymous_6)
FNDA:14,(anonymous_7)
FNDA:8,(anonymous_8)
FNDA:14,(anonymous_9)
DA:1,7
DA:4,7
DA:6,127
DA:7,127
DA:8,117
DA:9,97
DA:15,127
DA:16,126
DA:17,0
DA:18,0
DA:23,127
DA:27,7
DA:28,4
DA:29,4
DA:31,4
DA:32,3
DA:35,1
DA:39,7
DA:40,35
DA:41,106
DA:43,106
DA:44,169
DA:45,148
DA:49,106
DA:50,101
DA:55,5
DA:60,7
DA:61,14
DA:62,8
DA:64,8
DA:65,14
DA:66,13
DA:67,13
DA:68,2
DA:73,8
DA:74,2
DA:79,6
DA:83,7
LF:38
LH:36
BRDA:6,0,0,127
BRDA:6,0,1,0
BRDA:8,1,0,97
BRDA:8,1,1,20
BRDA:15,2,0,126
BRDA:15,2,1,1
BRDA:17,3,0,0
BRDA:17,3,1,0
BRDA:29,4,0,4
BRDA:29,4,1,0
BRDA:31,5,0,3
BRDA:31,5,1,1
BRDA:44,6,0,148
BRDA:44,6,1,21
BRDA:44,7,0,169
BRDA:44,7,1,21
BRDA:44,7,2,21
BRDA:49,8,0,101
BRDA:49,8,1,5
BRDA:65,9,0,13
BRDA:65,9,1,1
BRDA:67,10,0,2
BRDA:67,10,1,11
BRDA:73,11,0,2
BRDA:73,11,1,6
BRF:25
BRH:21
end_of_record
TN:
SF:src\repositories\itemRepository.js
FN:5,(anonymous_0)
FN:10,(anonymous_1)
FN:15,(anonymous_2)
FN:18,(anonymous_3)
FN:23,(anonymous_4)
FN:26,(anonymous_5)
FN:32,(anonymous_6)
FN:35,(anonymous_7)
FN:37,(anonymous_8)
FN:40,(anonymous_9)
FN:46,(anonymous_10)
FN:49,(anonymous_11)
FNF:12
FNH:12
FNDA:11,(anonymous_0)
FNDA:22,(anonymous_1)
FNDA:7,(anonymous_2)
FNDA:8,(anonymous_3)
FNDA:7,(anonymous_4)
FNDA:4,(anonymous_5)
FNDA:3,(anonymous_6)
FNDA:5,(anonymous_7)
FNDA:6,(anonymous_8)
FNDA:4,(anonymous_9)
FNDA:5,(anonymous_10)
FNDA:8,(anonymous_11)
DA:1,11
DA:2,11
DA:6,11
DA:7,11
DA:11,22
DA:12,20
DA:16,7
DA:18,7
DA:19,8
DA:22,7
DA:23,7
DA:27,4
DA:32,4
DA:36,5
DA:37,6
DA:41,4
DA:46,5
DA:50,8
DA:51,8
DA:52,17
DA:53,16
DA:54,11
DA:57,7
DA:61,11
LF:24
LH:24
BRDA:12,0,0,12
BRDA:12,0,1,8
BRDA:53,1,0,11
BRDA:53,1,1,5
BRF:4
BRH:4
end_of_record
TN:
SF:src\repositories\missionRepository.js
FN:5,(anonymous_0)
FN:10,(anonymous_1)
FN:19,(anonymous_2)
FN:47,(anonymous_3)
FN:69,(anonymous_4)
FN:92,(anonymous_5)
FN:103,(anonymous_6)
FN:107,(anonymous_7)
FN:116,(anonymous_8)
FN:128,(anonymous_9)
FNF:10
FNH:10
FNDA:15,(anonymous_0)
FNDA:29,(anonymous_1)
FNDA:7,(anonymous_2)
FNDA:6,(anonymous_3)
FNDA:4,(anonymous_4)
FNDA:3,(anonymous_5)
FNDA:2,(anonymous_6)
FNDA:6,(anonymous_7)
FNDA:3,(anonymous_8)
FNDA:2,(anonymous_9)
DA:1,15
DA:2,15
DA:6,15
DA:7,15
DA:11,29
DA:12,28
DA:13,1
DA:16,27
DA:20,7
DA:22,7
DA:23,1
DA:26,6
DA:27,6
DA:28,6
DA:30,6
DA:31,1
DA:35,5
DA:36,3
DA:38,2
DA:41,5
DA:43,5
DA:44,5
DA:48,6
DA:50,6
DA:51,0
DA:54,6
DA:55,6
DA:56,6
DA:58,6
DA:59,0
DA:62,6
DA:63,6
DA:65,6
DA:66,6
DA:70,4
DA:72,4
DA:73,1
DA:76,3
DA:77,3
DA:80,3
DA:83,3
DA:88,3
DA:89,3
DA:93,3
DA:95,3
DA:96,1
DA:99,2
DA:100,2
DA:104,2
DA:105,2
DA:107,2
DA:108,6
DA:109,2
DA:113,2
DA:117,3
DA:119,3
DA:120,2
DA:121,2
DA:122,2
DA:125,1
DA:129,2
DA:134,15
LF:62
LH:60
BRDA:12,0,0,1
BRDA:12,0,1,27
BRDA:16,1,0,27
BRDA:16,1,1,1
BRDA:19,2,0,5
BRDA:22,3,0,1
BRDA:22,3,1,6
BRDA:27,4,0,6
BRDA:27,4,1,1
BRDA:28,5,0,6
BRDA:28,5,1,0
BRDA:30,6,0,1
BRDA:30,6,1,5
BRDA:35,7,0,3
BRDA:35,7,1,2
BRDA:47,8,0,5
BRDA:50,9,0,0
BRDA:50,9,1,6
BRDA:55,10,0,6
BRDA:55,10,1,2
BRDA:56,11,0,6
BRDA:56,11,1,0
BRDA:58,12,0,0
BRDA:58,12,1,6
BRDA:72,13,0,1
BRDA:72,13,1,3
BRDA:77,14,0,3
BRDA:77,14,1,1
BRDA:95,15,0,1
BRDA:95,15,1,2
BRDA:100,16,0,2
BRDA:100,16,1,0
BRDA:100,17,0,2
BRDA:100,17,1,0
BRDA:108,18,0,2
BRDA:108,18,1,4
BRDA:108,19,0,6
BRDA:108,19,1,0
BRDA:108,20,0,6
BRDA:108,20,1,0
BRDA:119,21,0,2
BRDA:119,21,1,1
BRF:42
BRH:34
end_of_record
TN:
SF:src\repositories\quizRepository.js
FN:5,(anonymous_0)
FN:9,(anonymous_1)
FN:27,(anonymous_2)
FN:31,(anonymous_3)
FN:35,(anonymous_4)
FN:45,(anonymous_5)
FN:46,(anonymous_6)
FN:55,(anonymous_7)
FN:58,(anonymous_8)
FN:59,(anonymous_9)
FN:68,(anonymous_10)
FNF:11
FNH:11
FNDA:5,(anonymous_0)
FNDA:12,(anonymous_1)
FNDA:5,(anonymous_2)
FNDA:15,(anonymous_3)
FNDA:6,(anonymous_4)
FNDA:12,(anonymous_5)
FNDA:8,(anonymous_6)
FNDA:4,(anonymous_7)
FNDA:8,(anonymous_8)
FNDA:5,(anonymous_9)
FNDA:5,(anonymous_10)
DA:1,5
DA:2,5
DA:6,5
DA:10,12
DA:11,12
DA:13,12
DA:14,3
DA:17,9
DA:18,8
DA:20,7
DA:22,5
DA:23,5
DA:28,5
DA:31,15
DA:32,5
DA:36,6
DA:37,6
DA:39,6
DA:40,2
DA:43,4
DA:44,3
DA:45,12
DA:46,8
DA:48,3
DA:50,1
DA:51,1
DA:56,4
DA:57,4
DA:58,8
DA:59,5
DA:61,3
DA:63,1
DA:64,1
DA:69,5
DA:70,5
DA:74,5
LF:36
LH:36
BRDA:13,0,0,3
BRDA:13,0,1,9
BRDA:27,1,0,2
BRDA:39,2,0,2
BRDA:39,2,1,4
BRF:5
BRH:5
end_of_record
TN:
SF:src\repositories\signalementRepository.js
FN:5,(anonymous_0)
FN:10,(anonymous_1)
FN:17,(anonymous_2)
FN:22,(anonymous_3)
FN:25,(anonymous_4)
FN:27,(anonymous_5)
FN:30,(anonymous_6)
FN:34,(anonymous_7)
FN:39,(anonymous_8)
FNF:9
FNH:9
FNDA:3,(anonymous_0)
FNDA:4,(anonymous_1)
FNDA:5,(anonymous_2)
FNDA:5,(anonymous_3)
FNDA:3,(anonymous_4)
FNDA:2,(anonymous_5)
FNDA:4,(anonymous_6)
FNDA:3,(anonymous_7)
FNDA:2,(anonymous_8)
DA:1,3
DA:2,3
DA:6,3
DA:7,3
DA:11,4
DA:18,5
DA:22,5
DA:26,3
DA:27,2
DA:31,4
DA:35,3
DA:39,2
DA:43,3
LF:13
LH:13
BRF:0
BRH:0
end_of_record
TN:
SF:src\repositories\userRepository.js
FN:5,(anonymous_0)
FN:10,(anonymous_1)
FN:14,(anonymous_2)
FN:19,(anonymous_3)
FN:24,(anonymous_4)
FN:28,(anonymous_5)
FN:32,(anonymous_6)
FN:38,(anonymous_7)
FN:44,(anonymous_8)
FN:50,(anonymous_9)
FN:56,(anonymous_10)
FN:60,(anonymous_11)
FN:66,(anonymous_12)
FN:70,(anonymous_13)
FN:79,(anonymous_14)
FN:86,(anonymous_15)
FN:89,(anonymous_16)
FNF:17
FNH:17
FNDA:20,(anonymous_0)
FNDA:4,(anonymous_1)
FNDA:4,(anonymous_2)
FNDA:3,(anonymous_3)
FNDA:3,(anonymous_4)
FNDA:3,(anonymous_5)
FNDA:3,(anonymous_6)
FNDA:1,(anonymous_7)
FNDA:2,(anonymous_8)
FNDA:1,(anonymous_9)
FNDA:1,(anonymous_10)
FNDA:1,(anonymous_11)
FNDA:1,(anonymous_12)
FNDA:2,(anonymous_13)
FNDA:2,(anonymous_14)
FNDA:2,(anonymous_15)
FNDA:3,(anonymous_16)
DA:1,20
DA:2,20
DA:6,20
DA:7,20
DA:11,4
DA:15,4
DA:16,3
DA:20,3
DA:21,2
DA:25,3
DA:29,3
DA:33,3
DA:39,1
DA:45,2
DA:51,1
DA:57,1
DA:61,1
DA:67,1
DA:71,2
DA:72,2
DA:73,1
DA:75,1
DA:80,2
DA:87,2
DA:89,2
DA:90,3
DA:93,2
DA:97,20
LF:28
LH:28
BRDA:16,0,0,2
BRDA:16,0,1,1
BRDA:21,1,0,1
BRDA:21,1,1,1
BRDA:32,2,0,1
BRF:5
BRH:5
end_of_record
TN:
SF:src\routes\authRoutes.js
FNF:0
FNH:0
DA:1,1
DA:2,1
DA:3,1
DA:4,1
DA:5,1
DA:7,1
DA:10,1
DA:17,1
DA:25,1
DA:32,1
DA:36,1
LF:11
LH:11
BRF:0
BRH:0
end_of_record
TN:
SF:src\routes\friendRoutes.js
FNF:0
FNH:0
DA:1,1
DA:2,1
DA:3,1
DA:4,1
DA:6,1
DA:9,1
DA:10,1
DA:13,1
DA:18,1
DA:24,1
DA:30,1
DA:36,1
DA:43,1
DA:49,1
DA:53,1
DA:57,1
LF:16
LH:16
BRF:0
BRH:0
end_of_record
TN:
SF:src\routes\missionRoutes.js
FNF:0
FNH:0
DA:1,1
DA:2,1
DA:3,1
DA:4,1
DA:6,1
DA:9,1
DA:10,1
DA:13,1
DA:17,1
DA:21,1
DA:25,1
DA:29,1
DA:34,1
DA:40,1
DA:45,1
DA:51,1
DA:56,1
DA:62,1
DA:70,1
LF:19
LH:19
BRF:0
BRH:0
end_of_record
TN:
SF:src\routes\purchaseRoutes.js
FNF:0
FNH:0
DA:1,18
DA:2,18
DA:3,18
DA:4,18
DA:6,18
DA:9,18
DA:10,18
DA:13,18
DA:19,18
DA:24,18
LF:10
LH:10
BRF:0
BRH:0
end_of_record
TN:
SF:src\routes\quizRoutes.js
FNF:0
FNH:0
DA:1,11
DA:2,11
DA:3,11
DA:5,11
DA:7,11
DA:10,11
DA:12,11
DA:14,11
DA:18,11
DA:22,11
DA:27,11
DA:32,11
DA:37,11
LF:13
LH:13
BRF:0
BRH:0
end_of_record
TN:
SF:src\routes\shopRoutes.js
FNF:0
FNH:0
DA:1,1
DA:2,1
DA:3,1
DA:4,1
DA:5,1
DA:7,1
DA:10,1
DA:13,1
DA:14,1
DA:17,1
DA:24,1
DA:29,1
DA:35,1
DA:40,1
LF:14
LH:14
BRF:0
BRH:0
end_of_record
TN:
SF:src\routes\signalementRoutes.js
FNF:0
FNH:0
DA:1,1
DA:2,1
DA:3,1
DA:4,1
DA:6,1
DA:9,1
DA:10,1
DA:13,1
DA:19,1
DA:24,1
DA:28,1
DA:32,1
DA:36,1
LF:13
LH:13
BRF:0
BRH:0
end_of_record
TN:
SF:src\routes\userRoutes.js
FN:55,(anonymous_0)
FN:64,(anonymous_1)
FN:73,(anonymous_2)
FN:83,(anonymous_3)
FN:92,(anonymous_4)
FN:101,(anonymous_5)
FNF:6
FNH:3
FNDA:1,(anonymous_0)
FNDA:1,(anonymous_1)
FNDA:1,(anonymous_2)
FNDA:0,(anonymous_3)
FNDA:0,(anonymous_4)
FNDA:0,(anonymous_5)
DA:1,1
DA:2,1
DA:3,1
DA:4,1
DA:6,1
DA:9,1
DA:10,1
DA:13,1
DA:18,1
DA:23,1
DA:28,1
DA:34,1
DA:40,1
DA:47,1
DA:52,1
DA:56,1
DA:57,1
DA:61,1
DA:65,1
DA:66,1
DA:70,1
DA:74,1
DA:75,1
DA:80,1
DA:84,0
DA:85,0
DA:89,1
DA:93,0
DA:94,0
DA:98,1
DA:102,0
DA:103,0
DA:108,1
DA:112,1
DA:116,1
DA:121,1
DA:126,1
LF:37
LH:31
BRF:0
BRH:0
end_of_record
TN:
SF:src\services\authService.js
FN:8,(anonymous_0)
FN:47,(anonymous_1)
FN:60,(anonymous_2)
FN:71,(anonymous_3)
FN:79,(anonymous_4)
FNF:5
FNH:5
FNDA:6,(anonymous_0)
FNDA:3,(anonymous_1)
FNDA:2,(anonymous_2)
FNDA:2,(anonymous_3)
FNDA:2,(anonymous_4)
DA:2,8
DA:3,8
DA:4,8
DA:5,8
DA:10,6
DA:11,6
DA:12,1
DA:15,5
DA:16,5
DA:17,1
DA:20,4
DA:21,4
DA:22,1
DA:26,3
DA:27,3
DA:28,1
DA:32,2
DA:33,2
DA:34,1
DA:38,1
DA:39,1
DA:42,1
DA:44,1
DA:48,3
DA:49,1
DA:52,2
DA:53,2
DA:54,1
DA:56,1
DA:61,2
DA:62,2
DA:63,1
DA:66,1
DA:67,1
DA:68,1
DA:72,2
DA:73,2
DA:74,1
DA:76,1
DA:80,2
DA:81,2
DA:82,2
DA:83,1
DA:85,1
DA:89,8
LF:45
LH:45
BRDA:11,0,0,1
BRDA:11,0,1,5
BRDA:16,1,0,1
BRDA:16,1,1,4
BRDA:21,2,0,1
BRDA:21,2,1,3
BRDA:27,3,0,1
BRDA:27,3,1,2
BRDA:33,4,0,1
BRDA:33,4,1,1
BRDA:48,5,0,1
BRDA:48,5,1,2
BRDA:62,6,0,1
BRDA:62,6,1,1
BRDA:62,7,0,2
BRDA:62,7,1,1
BRDA:73,8,0,1
BRDA:73,8,1,1
BRDA:82,9,0,1
BRDA:82,9,1,1
BRF:20
BRH:20
end_of_record
TN:
SF:src\services\friendService.js
FN:6,(anonymous_0)
FN:38,(anonymous_1)
FN:48,(anonymous_2)
FN:71,(anonymous_3)
FN:96,(anonymous_4)
FN:133,(anonymous_5)
FN:150,(anonymous_6)
FN:159,(anonymous_7)
FNF:8
FNH:8
FNDA:3,(anonymous_0)
FNDA:2,(anonymous_1)
FNDA:2,(anonymous_2)
FNDA:3,(anonymous_3)
FNDA:4,(anonymous_4)
FNDA:2,(anonymous_5)
FNDA:2,(anonymous_6)
FNDA:2,(anonymous_7)
DA:2,2
DA:3,2
DA:7,3
DA:8,1
DA:12,2
DA:13,2
DA:15,2
DA:16,1
DA:20,1
DA:21,1
DA:22,0
DA:26,1
DA:27,1
DA:28,0
DA:32,1
DA:33,1
DA:35,1
DA:40,2
DA:41,2
DA:42,1
DA:45,1
DA:49,2
DA:50,2
DA:52,2
DA:53,1
DA:57,1
DA:58,1
DA:61,1
DA:62,1
DA:65,1
DA:66,1
DA:68,1
DA:72,3
DA:73,3
DA:74,1
DA:77,2
DA:78,2
DA:80,2
DA:81,1
DA:85,1
DA:86,1
DA:88,1
DA:93,1
DA:97,4
DA:98,4
DA:99,1
DA:103,3
DA:104,3
DA:105,1
DA:108,2
DA:111,2
DA:112,1
DA:116,1
DA:117,1
DA:118,0
DA:122,1
DA:123,1
DA:124,0
DA:127,1
DA:134,2
DA:135,2
DA:137,2
DA:138,1
DA:142,1
DA:145,1
DA:147,1
DA:151,2
DA:152,2
DA:153,1
DA:156,1
DA:160,2
DA:161,2
DA:162,1
DA:165,1
DA:172,2
LF:75
LH:71
BRDA:7,0,0,1
BRDA:7,0,1,2
BRDA:15,1,0,1
BRDA:15,1,1,1
BRDA:15,2,0,2
BRDA:15,2,1,1
BRDA:20,3,0,1
BRDA:20,3,1,0
BRDA:21,4,0,0
BRDA:21,4,1,1
BRDA:26,5,0,1
BRDA:26,5,1,0
BRDA:27,6,0,0
BRDA:27,6,1,1
BRDA:41,7,0,1
BRDA:41,7,1,1
BRDA:52,8,0,1
BRDA:52,8,1,1
BRDA:52,9,0,2
BRDA:52,9,1,1
BRDA:73,10,0,1
BRDA:73,10,1,2
BRDA:77,11,0,2
BRDA:77,11,1,0
BRDA:78,12,0,2
BRDA:78,12,1,0
BRDA:80,13,0,1
BRDA:80,13,1,1
BRDA:80,14,0,2
BRDA:80,14,1,2
BRDA:98,15,0,1
BRDA:98,15,1,3
BRDA:104,16,0,1
BRDA:104,16,1,2
BRDA:111,17,0,1
BRDA:111,17,1,1
BRDA:116,18,0,1
BRDA:116,18,1,0
BRDA:117,19,0,0
BRDA:117,19,1,1
BRDA:122,20,0,1
BRDA:122,20,1,0
BRDA:123,21,0,0
BRDA:123,21,1,1
BRDA:137,22,0,1
BRDA:137,22,1,1
BRDA:137,23,0,2
BRDA:137,23,1,1
BRDA:152,24,0,1
BRDA:152,24,1,1
BRDA:156,25,0,1
BRDA:156,25,1,0
BRDA:161,26,0,1
BRDA:161,26,1,1
BRDA:166,27,0,1
BRDA:166,27,1,0
BRDA:167,28,0,1
BRDA:167,28,1,0
BRF:58
BRH:45
end_of_record
TN:
SF:src\services\missionService.js
FN:6,(anonymous_0)
FN:10,(anonymous_1)
FN:20,(anonymous_2)
FN:24,(anonymous_3)
FN:40,(anonymous_4)
FN:44,(anonymous_5)
FN:61,(anonymous_6)
FN:71,(anonymous_7)
FN:75,(anonymous_8)
FN:89,(anonymous_9)
FN:93,(anonymous_10)
FN:107,(anonymous_11)
FN:120,(anonymous_12)
FN:131,(anonymous_13)
FNF:14
FNH:14
FNDA:1,(anonymous_0)
FNDA:2,(anonymous_1)
FNDA:1,(anonymous_2)
FNDA:2,(anonymous_3)
FNDA:1,(anonymous_4)
FNDA:2,(anonymous_5)
FNDA:2,(anonymous_6)
FNDA:1,(anonymous_7)
FNDA:2,(anonymous_8)
FNDA:1,(anonymous_9)
FNDA:2,(anonymous_10)
FNDA:1,(anonymous_11)
FNDA:2,(anonymous_12)
FNDA:2,(anonymous_13)
DA:2,2
DA:3,2
DA:7,1
DA:11,2
DA:13,2
DA:14,1
DA:17,2
DA:21,1
DA:26,2
DA:27,2
DA:28,1
DA:32,1
DA:34,1
DA:41,1
DA:45,2
DA:47,2
DA:48,1
DA:51,1
DA:52,1
DA:62,2
DA:64,2
DA:65,1
DA:68,1
DA:72,1
DA:73,1
DA:75,1
DA:76,2
DA:86,1
DA:90,1
DA:91,1
DA:93,1
DA:94,2
DA:95,2
DA:96,1
DA:103,1
DA:108,1
DA:114,1
DA:115,1
DA:116,1
DA:121,2
DA:122,2
DA:123,2
DA:125,2
DA:126,1
DA:132,2
DA:138,2
DA:139,2
DA:140,1
DA:145,2
LF:49
LH:49
BRDA:10,0,0,0
BRDA:13,1,0,1
BRDA:13,1,1,1
BRDA:20,2,0,0
BRDA:27,3,0,1
BRDA:27,3,1,1
BRDA:47,4,0,1
BRDA:47,4,1,1
BRDA:54,5,0,1
BRDA:54,5,1,0
BRDA:55,6,0,1
BRDA:55,6,1,0
BRDA:56,7,0,1
BRDA:56,7,1,0
BRDA:56,8,0,1
BRDA:56,8,1,0
BRDA:57,9,0,1
BRDA:57,9,1,0
BRDA:64,10,0,1
BRDA:64,10,1,1
BRDA:78,11,0,2
BRDA:78,11,1,0
BRDA:79,12,0,2
BRDA:79,12,1,0
BRDA:80,13,0,2
BRDA:80,13,1,0
BRDA:80,14,0,2
BRDA:80,14,1,0
BRDA:81,15,0,2
BRDA:81,15,1,0
BRDA:81,16,0,2
BRDA:81,16,1,0
BRDA:82,17,0,2
BRDA:82,17,1,1
BRDA:94,18,0,2
BRDA:94,18,1,0
BRDA:94,19,0,2
BRDA:94,19,1,0
BRDA:95,20,0,1
BRDA:95,20,1,1
BRDA:98,21,0,1
BRDA:98,21,1,0
BRDA:115,22,0,1
BRDA:115,22,1,0
BRDA:121,23,0,2
BRDA:121,23,1,0
BRDA:122,24,0,2
BRDA:122,24,1,0
BRDA:125,25,0,1
BRDA:125,25,1,1
BRDA:139,26,0,1
BRDA:139,26,1,1
BRDA:139,27,0,2
BRDA:139,27,1,2
BRF:54
BRH:35
end_of_record
TN:
SF:src\services\purchaseService.js
FN:5,(anonymous_0)
FN:31,(anonymous_1)
FN:57,(anonymous_2)
FN:68,(anonymous_3)
FNF:4
FNH:4
FNDA:2,(anonymous_0)
FNDA:2,(anonymous_1)
FNDA:8,(anonymous_2)
FNDA:3,(anonymous_3)
DA:2,2
DA:6,2
DA:9,2
DA:16,2
DA:19,2
DA:21,1
DA:27,1
DA:32,2
DA:33,2
DA:41,2
DA:44,2
DA:46,1
DA:53,1
DA:58,8
DA:64,8
DA:69,3
DA:70,3
DA:71,3
DA:74,2
DA:75,1
DA:78,2
DA:79,1
DA:82,2
DA:84,1
DA:89,2
LF:25
LH:25
BRDA:64,0,0,8
BRDA:64,0,1,1
BRDA:70,1,0,3
BRDA:70,1,1,0
BRDA:74,2,0,1
BRDA:74,2,1,1
BRDA:78,3,0,1
BRDA:78,3,1,1
BRF:8
BRH:7
end_of_record
TN:
SF:src\services\quizService.js
FN:6,(anonymous_0)
FN:25,(anonymous_1)
FN:29,(anonymous_2)
FN:39,(anonymous_3)
FN:49,(anonymous_4)
FN:59,(anonymous_5)
FN:74,(anonymous_6)
FN:77,(anonymous_7)
FN:94,(anonymous_8)
FNF:9
FNH:9
FNDA:3,(anonymous_0)
FNDA:1,(anonymous_1)
FNDA:2,(anonymous_2)
FNDA:2,(anonymous_3)
FNDA:2,(anonymous_4)
FNDA:3,(anonymous_5)
FNDA:2,(anonymous_6)
FNDA:3,(anonymous_7)
FNDA:4,(anonymous_8)
DA:2,4
DA:3,4
DA:8,3
DA:9,3
DA:10,1
DA:14,2
DA:16,2
DA:17,1
DA:21,1
DA:22,1
DA:26,1
DA:30,2
DA:32,2
DA:33,1
DA:36,1
DA:40,2
DA:42,2
DA:43,1
DA:46,1
DA:50,2
DA:52,2
DA:53,1
DA:56,1
DA:60,3
DA:61,1
DA:64,2
DA:65,2
DA:67,2
DA:75,2
DA:77,2
DA:78,3
DA:79,2
DA:83,2
DA:84,2
DA:86,2
DA:95,4
DA:96,3
DA:97,2
DA:98,1
DA:102,4
LF:40
LH:40
BRDA:6,0,0,2
BRDA:9,1,0,1
BRDA:9,1,1,2
BRDA:16,2,0,1
BRDA:16,2,1,1
BRDA:25,3,0,0
BRDA:32,4,0,1
BRDA:32,4,1,1
BRDA:42,5,0,1
BRDA:42,5,1,1
BRDA:52,6,0,1
BRDA:52,6,1,1
BRDA:60,7,0,1
BRDA:60,7,1,2
BRDA:60,8,0,3
BRDA:60,8,1,2
BRDA:78,9,0,2
BRDA:78,9,1,1
BRDA:84,10,0,1
BRDA:84,10,1,1
BRDA:95,11,0,1
BRDA:95,11,1,3
BRDA:96,12,0,1
BRDA:96,12,1,2
BRDA:97,13,0,1
BRDA:97,13,1,1
BRF:26
BRH:25
end_of_record
TN:
SF:src\services\shopService.js
FN:9,(anonymous_0)
FN:37,(anonymous_1)
FN:39,(anonymous_2)
FN:40,(anonymous_3)
FN:41,(anonymous_4)
FN:42,(anonymous_5)
FN:43,(anonymous_6)
FN:44,(anonymous_7)
FN:45,(anonymous_8)
FN:46,(anonymous_9)
FN:47,(anonymous_10)
FN:56,(anonymous_11)
FN:91,(anonymous_12)
FN:98,(anonymous_13)
FN:133,(anonymous_14)
FN:140,(anonymous_15)
FN:145,(anonymous_16)
FN:160,(anonymous_17)
FN:167,(anonymous_18)
FN:197,(anonymous_19)
FNF:20
FNH:10
FNDA:4,(anonymous_0)
FNDA:1,(anonymous_1)
FNDA:1,(anonymous_2)
FNDA:0,(anonymous_3)
FNDA:0,(anonymous_4)
FNDA:0,(anonymous_5)
FNDA:0,(anonymous_6)
FNDA:0,(anonymous_7)
FNDA:0,(anonymous_8)
FNDA:0,(anonymous_9)
FNDA:0,(anonymous_10)
FNDA:4,(anonymous_11)
FNDA:1,(anonymous_12)
FNDA:2,(anonymous_13)
FNDA:0,(anonymous_14)
FNDA:4,(anonymous_15)
FNDA:1,(anonymous_16)
FNDA:4,(anonymous_17)
FNDA:2,(anonymous_18)
FNDA:0,(anonymous_19)
DA:2,2
DA:3,2
DA:4,2
DA:5,2
DA:6,2
DA:10,4
DA:11,1
DA:14,3
DA:15,3
DA:17,3
DA:18,1
DA:21,2
DA:22,1
DA:26,1
DA:29,1
DA:32,1
DA:34,1
DA:38,1
DA:39,1
DA:40,0
DA:41,0
DA:42,0
DA:43,0
DA:44,0
DA:45,0
DA:46,0
DA:47,0
DA:50,1
DA:51,1
DA:52,1
DA:57,4
DA:58,4
DA:59,1
DA:62,3
DA:63,3
DA:64,1
DA:67,2
DA:68,2
DA:70,2
DA:71,1
DA:75,1
DA:76,1
DA:77,1
DA:80,1
DA:81,1
DA:82,0
DA:85,1
DA:88,1
DA:91,1
DA:92,1
DA:95,1
DA:99,2
DA:100,2
DA:101,1
DA:104,1
DA:105,1
DA:106,0
DA:109,1
DA:110,1
DA:112,1
DA:113,0
DA:117,1
DA:118,1
DA:119,1
DA:122,1
DA:123,1
DA:124,0
DA:127,1
DA:130,1
DA:133,1
DA:134,0
DA:137,1
DA:141,4
DA:142,4
DA:145,4
DA:146,1
DA:149,4
DA:151,1
DA:154,3
DA:157,4
DA:161,4
DA:162,4
DA:163,1
DA:166,3
DA:167,3
DA:169,3
DA:170,1
DA:173,2
DA:174,2
DA:176,2
DA:177,1
DA:181,1
DA:182,0
DA:184,1
DA:188,1
DA:189,1
DA:192,1
DA:194,1
DA:198,0
DA:202,2
LF:100
LH:85
BRDA:10,0,0,1
BRDA:10,0,1,3
BRDA:17,1,0,1
BRDA:17,1,1,2
BRDA:21,2,0,1
BRDA:21,2,1,1
BRDA:51,3,0,1
BRDA:51,3,1,0
BRDA:58,4,0,1
BRDA:58,4,1,3
BRDA:63,5,0,1
BRDA:63,5,1,2
BRDA:68,6,0,2
BRDA:68,6,1,1
BRDA:70,7,0,1
BRDA:70,7,1,1
BRDA:81,8,0,0
BRDA:81,8,1,1
BRDA:100,9,0,1
BRDA:100,9,1,1
BRDA:105,10,0,0
BRDA:105,10,1,1
BRDA:110,11,0,1
BRDA:110,11,1,0
BRDA:112,12,0,0
BRDA:112,12,1,1
BRDA:123,13,0,0
BRDA:123,13,1,1
BRDA:142,14,0,4
BRDA:142,14,1,0
BRDA:149,15,0,1
BRDA:149,15,1,3
BRDA:151,16,0,1
BRDA:151,16,1,0
BRDA:162,17,0,1
BRDA:162,17,1,3
BRDA:166,18,0,3
BRDA:166,18,1,0
BRDA:169,19,0,1
BRDA:169,19,1,2
BRDA:176,20,0,1
BRDA:176,20,1,1
BRDA:181,21,0,0
BRDA:181,21,1,1
BRF:44
BRH:34
end_of_record
TN:
SF:src\services\signalementService.js
FN:6,(anonymous_0)
FN:33,(anonymous_1)
FN:37,(anonymous_2)
FN:41,(anonymous_3)
FN:46,(anonymous_4)
FN:50,(anonymous_5)
FNF:6
FNH:6
FNDA:6,(anonymous_0)
FNDA:1,(anonymous_1)
FNDA:1,(anonymous_2)
FNDA:1,(anonymous_3)
FNDA:1,(anonymous_4)
FNDA:2,(anonymous_5)
DA:2,2
DA:3,2
DA:7,6
DA:8,2
DA:11,4
DA:12,1
DA:16,3
DA:17,3
DA:18,1
DA:21,2
DA:29,2
DA:30,2
DA:34,1
DA:38,1
DA:42,1
DA:43,1
DA:47,1
DA:51,2
DA:61,2
DA:62,1
DA:65,1
DA:69,2
LF:22
LH:22
BRDA:7,0,0,2
BRDA:7,0,1,4
BRDA:7,1,0,6
BRDA:7,1,1,5
BRDA:11,2,0,1
BRDA:11,2,1,3
BRDA:17,3,0,1
BRDA:17,3,1,2
BRDA:25,4,0,2
BRDA:25,4,1,1
BRDA:26,5,0,2
BRDA:26,5,1,1
BRDA:61,6,0,1
BRDA:61,6,1,1
BRF:14
BRH:14
end_of_record
TN:
SF:src\services\userService.js
FN:10,(anonymous_0)
FN:49,(anonymous_1)
FN:70,(anonymous_2)
FN:91,(anonymous_3)
FN:107,(anonymous_4)
FN:122,(anonymous_5)
FN:146,(anonymous_6)
FN:154,(anonymous_7)
FN:163,(anonymous_8)
FN:177,(anonymous_9)
FN:215,(anonymous_10)
FN:249,(anonymous_11)
FN:253,(anonymous_12)
FN:257,(anonymous_13)
FNF:14
FNH:13
FNDA:1,(anonymous_0)
FNDA:3,(anonymous_1)
FNDA:1,(anonymous_2)
FNDA:1,(anonymous_3)
FNDA:2,(anonymous_4)
FNDA:0,(anonymous_5)
FNDA:2,(anonymous_6)
FNDA:2,(anonymous_7)
FNDA:2,(anonymous_8)
FNDA:2,(anonymous_9)
FNDA:2,(anonymous_10)
FNDA:1,(anonymous_11)
FNDA:1,(anonymous_12)
FNDA:1,(anonymous_13)
DA:2,8
DA:3,8
DA:4,8
DA:5,8
DA:6,8
DA:7,8
DA:12,1
DA:13,1
DA:15,1
DA:45,1
DA:46,1
DA:50,3
DA:52,3
DA:53,3
DA:54,1
DA:57,2
DA:58,2
DA:59,1
DA:62,1
DA:63,0
DA:66,1
DA:67,1
DA:71,1
DA:73,1
DA:74,1
DA:75,0
DA:78,1
DA:79,1
DA:80,0
DA:83,1
DA:84,0
DA:87,1
DA:88,1
DA:92,1
DA:94,1
DA:95,1
DA:96,0
DA:99,1
DA:100,0
DA:103,1
DA:104,1
DA:108,2
DA:109,2
DA:110,0
DA:113,2
DA:114,2
DA:115,1
DA:118,1
DA:119,1
DA:123,0
DA:124,0
DA:127,0
DA:128,0
DA:129,0
DA:133,0
DA:136,0
DA:139,0
DA:140,0
DA:143,0
DA:147,2
DA:148,1
DA:151,1
DA:155,2
DA:156,2
DA:157,1
DA:160,1
DA:164,2
DA:165,2
DA:166,0
DA:169,2
DA:170,2
DA:171,1
DA:174,1
DA:178,2
DA:179,2
DA:180,1
DA:183,1
DA:184,1
DA:185,0
DA:188,1
DA:189,1
DA:190,0
DA:193,1
DA:194,1
DA:197,1
DA:203,1
DA:204,1
DA:205,1
DA:207,1
DA:208,1
DA:210,1
DA:211,1
DA:216,2
DA:217,2
DA:218,0
DA:221,2
DA:222,2
DA:223,0
DA:226,2
DA:227,2
DA:228,0
DA:231,2
DA:232,1
DA:233,1
DA:236,1
DA:242,1
DA:243,1
DA:246,1
DA:250,1
DA:254,1
DA:258,1
DA:262,8
LF:112
LH:89
BRDA:53,0,0,1
BRDA:53,0,1,2
BRDA:58,1,0,1
BRDA:58,1,1,1
BRDA:62,2,0,0
BRDA:62,2,1,1
BRDA:74,3,0,0
BRDA:74,3,1,1
BRDA:79,4,0,0
BRDA:79,4,1,1
BRDA:83,5,0,0
BRDA:83,5,1,1
BRDA:95,6,0,0
BRDA:95,6,1,1
BRDA:99,7,0,0
BRDA:99,7,1,1
BRDA:109,8,0,0
BRDA:109,8,1,2
BRDA:114,9,0,1
BRDA:114,9,1,1
BRDA:123,10,0,0
BRDA:123,10,1,0
BRDA:128,11,0,0
BRDA:128,11,1,0
BRDA:147,12,0,1
BRDA:147,12,1,1
BRDA:156,13,0,1
BRDA:156,13,1,1
BRDA:165,14,0,0
BRDA:165,14,1,2
BRDA:169,15,0,2
BRDA:169,15,1,1
BRDA:170,16,0,1
BRDA:170,16,1,1
BRDA:179,17,0,1
BRDA:179,17,1,1
BRDA:184,18,0,0
BRDA:184,18,1,1
BRDA:188,19,0,1
BRDA:188,19,1,0
BRDA:189,20,0,0
BRDA:189,20,1,1
BRDA:189,21,0,1
BRDA:189,21,1,1
BRDA:204,22,0,1
BRDA:204,22,1,0
BRDA:207,23,0,1
BRDA:207,23,1,0
BRDA:210,24,0,1
BRDA:210,24,1,0
BRDA:217,25,0,0
BRDA:217,25,1,2
BRDA:222,26,0,0
BRDA:222,26,1,2
BRDA:226,27,0,2
BRDA:226,27,1,0
BRDA:227,28,0,0
BRDA:227,28,1,2
BRDA:231,29,0,1
BRDA:231,29,1,1
BRF:60
BRH:38
end_of_record
TN:
SF:src\socket\challengeSocketHandlers.js
FN:6,(anonymous_0)
FN:8,(anonymous_1)
FN:18,(anonymous_2)
FN:34,(anonymous_3)
FN:43,(anonymous_4)
FN:48,(anonymous_5)
FN:71,(anonymous_6)
FN:80,(anonymous_7)
FN:84,(anonymous_8)
FN:150,(anonymous_9)
FN:166,(anonymous_10)
FN:169,(anonymous_11)
FN:182,(anonymous_12)
FN:194,(anonymous_13)
FN:196,(anonymous_14)
FNF:15
FNH:11
FNDA:0,(anonymous_0)
FNDA:0,(anonymous_1)
FNDA:0,(anonymous_2)
FNDA:0,(anonymous_3)
FNDA:2,(anonymous_4)
FNDA:3,(anonymous_5)
FNDA:4,(anonymous_6)
FNDA:4,(anonymous_7)
FNDA:7,(anonymous_8)
FNDA:1,(anonymous_9)
FNDA:2,(anonymous_10)
FNDA:2,(anonymous_11)
FNDA:5,(anonymous_12)
FNDA:2,(anonymous_13)
FNDA:3,(anonymous_14)
DA:2,1
DA:3,1
DA:8,0
DA:9,0
DA:10,0
DA:12,0
DA:13,0
DA:18,0
DA:19,0
DA:20,0
DA:28,0
DA:29,0
DA:34,0
DA:35,0
DA:36,0
DA:38,0
DA:44,2
DA:47,2
DA:48,3
DA:51,2
DA:52,1
DA:59,1
DA:65,1
DA:67,1
DA:79,4
DA:80,4
DA:83,4
DA:84,7
DA:87,4
DA:88,1
DA:89,1
DA:93,3
DA:94,3
DA:95,1
DA:96,1
DA:100,2
DA:101,2
DA:102,1
DA:103,1
DA:107,1
DA:108,1
DA:135,1
DA:136,1
DA:139,1
DA:150,1
DA:151,1
DA:152,1
DA:159,0
DA:163,1
DA:168,2
DA:169,2
DA:172,2
DA:173,1
DA:179,2
DA:183,5
DA:190,5
DA:195,2
DA:196,3
DA:199,2
DA:200,1
DA:206,2
DA:213,1
LF:62
LH:47
BRDA:51,0,0,1
BRDA:51,0,1,1
BRDA:87,1,0,1
BRDA:87,1,1,3
BRDA:87,2,0,4
BRDA:87,2,1,4
BRDA:94,3,0,1
BRDA:94,3,1,2
BRDA:101,4,0,1
BRDA:101,4,1,1
BRDA:151,5,0,1
BRDA:151,5,1,0
BRDA:151,6,0,1
BRDA:151,6,1,1
BRDA:172,7,0,1
BRDA:172,7,1,1
BRDA:190,8,0,5
BRDA:190,8,1,2
BRDA:199,9,0,1
BRDA:199,9,1,1
BRF:20
BRH:19
end_of_record
TN:
SF:src\socket\gameSocketHandlers.js
FN:6,(anonymous_0)
FN:8,(anonymous_1)
FN:18,(anonymous_2)
FN:28,(anonymous_3)
FN:31,(anonymous_4)
FN:75,(anonymous_5)
FN:88,(anonymous_6)
FN:96,(anonymous_7)
FN:110,(anonymous_8)
FN:119,(anonymous_9)
FN:139,(anonymous_10)
FN:141,(anonymous_11)
FN:154,(anonymous_12)
FN:155,(anonymous_13)
FN:156,(anonymous_14)
FN:162,(anonymous_15)
FN:167,(anonymous_16)
FN:175,(anonymous_17)
FN:181,(anonymous_18)
FN:188,(anonymous_19)
FNF:20
FNH:16
FNDA:1,(anonymous_0)
FNDA:0,(anonymous_1)
FNDA:0,(anonymous_2)
FNDA:4,(anonymous_3)
FNDA:1,(anonymous_4)
FNDA:4,(anonymous_5)
FNDA:2,(anonymous_6)
FNDA:0,(anonymous_7)
FNDA:4,(anonymous_8)
FNDA:2,(anonymous_9)
FNDA:2,(anonymous_10)
FNDA:2,(anonymous_11)
FNDA:2,(anonymous_12)
FNDA:2,(anonymous_13)
FNDA:2,(anonymous_14)
FNDA:2,(anonymous_15)
FNDA:2,(anonymous_16)
FNDA:0,(anonymous_17)
FNDA:1,(anonymous_18)
FNDA:1,(anonymous_19)
DA:2,1
DA:3,1
DA:8,1
DA:9,0
DA:10,0
DA:12,0
DA:13,0
DA:18,1
DA:19,0
DA:20,0
DA:22,0
DA:23,0
DA:30,4
DA:31,1
DA:35,4
DA:36,3
DA:39,3
DA:41,3
DA:42,1
DA:43,1
DA:46,2
DA:58,3
DA:67,3
DA:68,3
DA:70,3
DA:73,3
DA:75,4
DA:84,3
DA:86,1
DA:88,2
DA:96,1
DA:97,0
DA:98,0
DA:104,0
DA:111,4
DA:113,4
DA:114,4
DA:115,1
DA:116,1
DA:119,3
DA:120,3
DA:121,1
DA:122,1
DA:126,2
DA:127,0
DA:128,0
DA:132,2
DA:133,2
DA:136,2
DA:139,2
DA:141,2
DA:142,2
DA:145,2
DA:146,1
DA:149,1
DA:155,2
DA:156,2
DA:158,2
DA:161,2
DA:163,2
DA:164,2
DA:167,2
DA:172,2
DA:175,2
DA:176,0
DA:177,0
DA:182,1
DA:184,1
DA:188,1
DA:197,1
LF:70
LH:55
BRDA:31,0,0,1
BRDA:31,0,1,1
BRDA:35,1,0,3
BRDA:35,1,1,1
BRDA:41,2,0,1
BRDA:41,2,1,2
BRDA:84,3,0,1
BRDA:84,3,1,2
BRDA:97,4,0,0
BRDA:97,4,1,0
BRDA:97,5,0,0
BRDA:97,5,1,0
BRDA:114,6,0,1
BRDA:114,6,1,3
BRDA:120,7,0,1
BRDA:120,7,1,2
BRDA:126,8,0,0
BRDA:126,8,1,2
BRDA:132,9,0,2
BRDA:132,9,1,0
BRDA:139,10,0,2
BRDA:139,10,1,0
BRDA:145,11,0,1
BRDA:145,11,1,1
BRDA:158,12,0,0
BRDA:158,12,1,2
BRF:26
BRH:18
end_of_record
TN:
SF:src\socket\socketManager.js
FN:7,(anonymous_0)
FN:12,(anonymous_1)
FN:25,(anonymous_2)
FN:26,(anonymous_3)
FN:43,(anonymous_4)
FN:44,(anonymous_5)
FN:46,(anonymous_6)
FN:58,(anonymous_7)
FN:59,(anonymous_8)
FN:63,(anonymous_9)
FN:67,(anonymous_10)
FN:90,(anonymous_11)
FN:95,(anonymous_12)
FN:96,(anonymous_13)
FN:100,(anonymous_14)
FN:119,(anonymous_15)
FN:123,(anonymous_16)
FN:128,(anonymous_17)
FN:132,(anonymous_18)
FN:134,(anonymous_19)
FN:138,(anonymous_20)
FN:142,(anonymous_21)
FN:149,(anonymous_22)
FN:153,(anonymous_23)
FNF:24
FNH:14
FNDA:1,(anonymous_0)
FNDA:0,(anonymous_1)
FNDA:0,(anonymous_2)
FNDA:0,(anonymous_3)
FNDA:1,(anonymous_4)
FNDA:1,(anonymous_5)
FNDA:1,(anonymous_6)
FNDA:0,(anonymous_7)
FNDA:0,(anonymous_8)
FNDA:0,(anonymous_9)
FNDA:0,(anonymous_10)
FNDA:0,(anonymous_11)
FNDA:1,(anonymous_12)
FNDA:1,(anonymous_13)
FNDA:1,(anonymous_14)
FNDA:2,(anonymous_15)
FNDA:1,(anonymous_16)
FNDA:1,(anonymous_17)
FNDA:1,(anonymous_18)
FNDA:1,(anonymous_19)
FNDA:1,(anonymous_20)
FNDA:1,(anonymous_21)
FNDA:0,(anonymous_22)
FNDA:0,(anonymous_23)
DA:2,1
DA:3,1
DA:4,1
DA:8,1
DA:9,1
DA:13,0
DA:21,0
DA:22,0
DA:26,0
DA:27,0
DA:30,0
DA:33,0
DA:36,0
DA:39,0
DA:44,1
DA:46,1
DA:47,1
DA:48,1
DA:49,1
DA:53,1
DA:54,1
DA:59,0
DA:60,0
DA:63,0
DA:64,0
DA:65,0
DA:66,0
DA:67,0
DA:70,0
DA:71,0
DA:72,0
DA:75,0
DA:76,0
DA:77,0
DA:78,0
DA:80,0
DA:81,0
DA:82,0
DA:83,0
DA:90,0
DA:91,0
DA:96,1
DA:97,1
DA:98,1
DA:99,1
DA:100,1
DA:103,1
DA:104,1
DA:105,1
DA:107,1
DA:108,1
DA:109,1
DA:111,0
DA:120,2
DA:124,1
DA:125,1
DA:129,1
DA:133,1
DA:134,1
DA:139,1
DA:143,1
DA:144,1
DA:145,1
DA:150,0
DA:154,0
DA:158,1
LF:66
LH:34
BRDA:47,0,0,1
BRDA:47,0,1,0
BRDA:47,1,0,1
BRDA:47,1,1,1
BRDA:65,2,0,0
BRDA:65,2,1,0
BRDA:65,3,0,0
BRDA:65,3,1,0
BRDA:70,4,0,0
BRDA:70,4,1,0
BRDA:75,5,0,0
BRDA:75,5,1,0
BRDA:78,6,0,0
BRDA:78,6,1,0
BRDA:98,7,0,1
BRDA:98,7,1,0
BRDA:98,8,0,1
BRDA:98,8,1,1
BRDA:103,9,0,1
BRDA:103,9,1,0
BRDA:107,10,0,1
BRDA:107,10,1,0
BRDA:144,11,0,1
BRDA:144,11,1,0
BRF:24
BRH:9
end_of_record
TN:
SF:src\utils\constants.js
FNF:0
FNH:0
DA:3,29
DA:10,29
DA:25,29
DA:31,29
DA:44,29
DA:161,29
LF:6
LH:6
BRF:0
BRH:0
end_of_record
TN:
SF:src\utils\helpers.js
FN:4,(anonymous_0)
FN:11,(anonymous_1)
FN:30,(anonymous_2)
FN:34,(anonymous_3)
FN:43,(anonymous_4)
FN:48,(anonymous_5)
FN:58,(anonymous_6)
FNF:7
FNH:0
FNDA:0,(anonymous_0)
FNDA:0,(anonymous_1)
FNDA:0,(anonymous_2)
FNDA:0,(anonymous_3)
FNDA:0,(anonymous_4)
FNDA:0,(anonymous_5)
FNDA:0,(anonymous_6)
DA:2,13
DA:4,13
DA:5,0
DA:11,13
DA:12,0
DA:14,0
DA:15,0
DA:17,0
DA:18,0
DA:21,0
DA:22,0
DA:23,0
DA:27,0
DA:30,13
DA:31,0
DA:34,13
DA:35,0
DA:36,0
DA:37,0
DA:38,0
DA:40,0
DA:43,13
DA:44,0
DA:45,0
DA:48,13
DA:49,0
DA:51,0
DA:52,0
DA:55,0
DA:58,13
DA:59,0
DA:60,0
DA:61,0
DA:62,0
DA:64,0
DA:68,13
LF:36
LH:9
BRDA:12,0,0,0
BRDA:12,0,1,0
BRDA:12,1,0,0
BRDA:12,1,1,0
BRDA:17,2,0,0
BRDA:17,2,1,0
BRDA:22,3,0,0
BRDA:22,3,1,0
BRDA:44,4,0,0
BRDA:44,4,1,0
BRDA:44,5,0,0
BRDA:44,5,1,0
BRDA:51,6,0,0
BRDA:51,6,1,0
BRDA:51,7,0,0
BRDA:51,7,1,0
BRDA:59,8,0,0
BRDA:59,8,1,0
BRDA:61,9,0,0
BRDA:61,9,1,0
BRF:20
BRH:0
end_of_record
TN:
SF:src\utils\validators.js
FN:3,(anonymous_0)
FN:20,(anonymous_1)
FN:28,(anonymous_2)
FN:36,(anonymous_3)
FN:45,(anonymous_4)
FNF:5
FNH:0
FNDA:0,(anonymous_0)
FNDA:0,(anonymous_1)
FNDA:0,(anonymous_2)
FNDA:0,(anonymous_3)
FNDA:0,(anonymous_4)
DA:3,10
DA:4,0
DA:5,0
DA:8,0
DA:9,0
DA:12,0
DA:13,0
DA:14,0
DA:17,0
DA:20,10
DA:21,0
DA:22,0
DA:25,0
DA:28,10
DA:29,0
DA:30,0
DA:33,0
DA:36,10
DA:37,0
DA:38,0
DA:39,0
DA:42,0
DA:45,10
DA:46,0
DA:47,0
DA:50,0
DA:53,10
LF:27
LH:6
BRDA:4,0,0,0
BRDA:4,0,1,0
BRDA:8,1,0,0
BRDA:8,1,1,0
BRDA:13,2,0,0
BRDA:13,2,1,0
BRDA:21,3,0,0
BRDA:21,3,1,0
BRDA:29,4,0,0
BRDA:29,4,1,0
BRDA:38,5,0,0
BRDA:38,5,1,0
BRDA:46,6,0,0
BRDA:46,6,1,0
BRDA:46,7,0,0
BRDA:46,7,1,0
BRF:16
BRH:0
end_of_record
